Using pre-set license
Built from '2020.3/staging' branch; Version is '2020.3.24f1 (79c78de19888) revision 7980941'; Using compiler version '192528614'; Build Type 'Release'
OS: 'Windows 10  (10.0.19043) 64bit Professional' Language: 'es' Physical Memory: 16342 MB
BatchMode: 1, IsHumanControllingUs: 0, StartBugReporterOnCrash: 0, Is64bit: 1, IsPro: 0

COMMAND LINE ARGUMENTS:
C:\Program Files\Unity\Hub\Editor\2020.3.24f1\Editor\Unity.exe
-adb2
-batchMode
-noUpm
-name
AssetImportWorker0
-projectPath
D:/AlexBenejam/Proyectos_multimedia/Proyecto Final Evaluaci贸n 1
-logFile
Logs/AssetImportWorker0.log
-srvPort
51692
Successfully changed project path to: D:/AlexBenejam/Proyectos_multimedia/Proyecto Final Evaluaci贸n 1
D:/AlexBenejam/Proyectos_multimedia/Proyecto Final Evaluaci贸n 1
Using Asset Import Pipeline V2.
Refreshing native plugins compatible for Editor in 52.47 ms, found 2 plugins.
Preloading 0 native plugins for Editor in 0.00 ms.
Initialize engine version: 2020.3.24f1 (79c78de19888)
[Subsystems] Discovering subsystems at path C:/Program Files/Unity/Hub/Editor/2020.3.24f1/Editor/Data/Resources/UnitySubsystems
[Subsystems] Discovering subsystems at path D:/AlexBenejam/Proyectos_multimedia/Proyecto Final Evaluaci贸n 1/Assets
GfxDevice: creating device client; threaded=0
Direct3D:
    Version:  Direct3D 11.0 [level 11.1]
    Renderer: NVIDIA GeForce GTX 1050 Ti (ID=0x1c82)
    Vendor:   
    VRAM:     4018 MB
    Driver:   27.21.14.5671
Initialize mono
Mono path[0] = 'C:/Program Files/Unity/Hub/Editor/2020.3.24f1/Editor/Data/Managed'
Mono path[1] = 'C:/Program Files/Unity/Hub/Editor/2020.3.24f1/Editor/Data/MonoBleedingEdge/lib/mono/unityjit'
Mono config path = 'C:/Program Files/Unity/Hub/Editor/2020.3.24f1/Editor/Data/MonoBleedingEdge/etc'
Using monoOptions --debugger-agent=transport=dt_socket,embedding=1,server=y,suspend=n,address=127.0.0.1:56752
Begin MonoManager ReloadAssembly
Registering precompiled unity dll's ...
Register platform support module: C:/Program Files/Unity/Hub/Editor/2020.3.24f1/Editor/Data/PlaybackEngines/WindowsStandaloneSupport/UnityEditor.WindowsStandalone.Extensions.dll
Registered in 0.002558 seconds.
Native extension for WindowsStandalone target not found
Refreshing native plugins compatible for Editor in 37.27 ms, found 2 plugins.
Preloading 0 native plugins for Editor in 0.00 ms.
Mono: successfully reloaded assembly
- Completed reload, in  0.650 seconds
Domain Reload Profiling:
	ReloadAssembly (650ms)
		BeginReloadAssembly (67ms)
			ExecutionOrderSort (0ms)
			DisableScriptedObjects (0ms)
			BackupInstance (0ms)
			ReleaseScriptingObjects (0ms)
			CreateAndSetChildDomain (2ms)
		EndReloadAssembly (496ms)
			LoadAssemblies (62ms)
			RebuildTransferFunctionScriptingTraits (0ms)
			SetupTypeCache (178ms)
			ReleaseScriptCaches (0ms)
			RebuildScriptCaches (34ms)
			SetupLoadedEditorAssemblies (172ms)
				LogAssemblyErrors (0ms)
				InitializePlatformSupportModulesInManaged (4ms)
				SetLoadedEditorAssemblies (0ms)
				RefreshPlugins (37ms)
				BeforeProcessingInitializeOnLoad (9ms)
				ProcessInitializeOnLoadAttributes (90ms)
				ProcessInitializeOnLoadMethodAttributes (31ms)
				AfterProcessingInitializeOnLoad (0ms)
				EditorAssembliesLoaded (0ms)
			ExecutionOrderSort2 (0ms)
			AwakeInstancesAfterBackupRestoration (0ms)
Platform modules already initialized, skipping
Registering precompiled user dll's ...
Registered in 0.003712 seconds.
Begin MonoManager ReloadAssembly
Native extension for WindowsStandalone target not found
Refreshing native plugins compatible for Editor in 0.35 ms, found 2 plugins.
Preloading 0 native plugins for Editor in 0.00 ms.
Mono: successfully reloaded assembly
- Completed reload, in  1.128 seconds
Domain Reload Profiling:
	ReloadAssembly (1129ms)
		BeginReloadAssembly (170ms)
			ExecutionOrderSort (0ms)
			DisableScriptedObjects (6ms)
			BackupInstance (0ms)
			ReleaseScriptingObjects (0ms)
			CreateAndSetChildDomain (20ms)
		EndReloadAssembly (890ms)
			LoadAssemblies (90ms)
			RebuildTransferFunctionScriptingTraits (0ms)
			SetupTypeCache (310ms)
			ReleaseScriptCaches (0ms)
			RebuildScriptCaches (60ms)
			SetupLoadedEditorAssemblies (332ms)
				LogAssemblyErrors (0ms)
				InitializePlatformSupportModulesInManaged (5ms)
				SetLoadedEditorAssemblies (1ms)
				RefreshPlugins (0ms)
				BeforeProcessingInitializeOnLoad (62ms)
				ProcessInitializeOnLoadAttributes (248ms)
				ProcessInitializeOnLoadMethodAttributes (10ms)
				AfterProcessingInitializeOnLoad (7ms)
				EditorAssembliesLoaded (0ms)
			ExecutionOrderSort2 (0ms)
			AwakeInstancesAfterBackupRestoration (7ms)
Platform modules already initialized, skipping
========================================================================
Worker process is ready to serve import requests
Launched and connected shader compiler UnityShaderCompiler.exe after 0.05 seconds
Refreshing native plugins compatible for Editor in 0.37 ms, found 2 plugins.
Preloading 0 native plugins for Editor in 0.00 ms.
Unloading 1651 Unused Serialized files (Serialized files now loaded: 0)
System memory in use before: 73.6 MB.
System memory in use after: 73.7 MB.

Unloading 20 unused Assets to reduce memory usage. Loaded Objects now: 2084.
Total: 3.036000 ms (FindLiveObjects: 0.164100 ms CreateObjectMapping: 0.060500 ms MarkObjects: 2.704300 ms  DeleteObjects: 0.106000 ms)

AssetImportParameters requested are different than current active one (requested -> active):
  custom:framework-win-MediaFoundation: 216162199b28c13a410421893ffa2e32 -> 
  custom:video-decoder-ogg-theora: a1e56fd34408186e4bbccfd4996cb3dc -> 
  custom:container-muxer-webm: aa71ff27fc2769a1b78a27578f13a17b -> 
  custom:container-demuxer-webm: 4f35f7cbe854078d1ac9338744f61a02 -> 
  custom:container-demuxer-ogg: 62fdf1f143b41e24485cea50d1cbac27 -> 
  custom:video-encoder-webm-vp8: eb34c28f22e8b96e1ab97ce403110664 -> 
  custom:video-decoder-webm-vp8: 9c59270c3fd7afecdb556c50c9e8de78 -> 
  custom:audio-decoder-ogg-vorbis: bf7c407c2cedff20999df2af8eb42d56 -> 
  custom:audio-encoder-webm-vorbis: bf7c407c2cedff20999df2af8eb42d56 -> 
========================================================================
Received Import Request.
  path: Assets/Scripts/PlayerController.cs
  artifactKey: Guid(e61b8d71a264f0c4296ecbdd535ab1c9) Importer(815301076,1909f56bfc062723c751e8b465ee728b)
Start importing Assets/Scripts/PlayerController.cs using Guid(e61b8d71a264f0c4296ecbdd535ab1c9) Importer(815301076,1909f56bfc062723c751e8b465ee728b)  -> (artifact id: 'd22e4e7b4423ddff9f7146abb3d61ff8') in 0.023355 seconds 
  Import took 0.041109 seconds .

========================================================================
Received Import Request.
  Time since last request: 14.832465 seconds.
  path: Assets/Scripts/RotateObject.cs
  artifactKey: Guid(0a380b8140781e843bca436ca16ec0ec) Importer(815301076,1909f56bfc062723c751e8b465ee728b)
Start importing Assets/Scripts/RotateObject.cs using Guid(0a380b8140781e843bca436ca16ec0ec) Importer(815301076,1909f56bfc062723c751e8b465ee728b)  -> (artifact id: '92e527e99c6097be5b8fd732ab3d16ec') in 0.001581 seconds 
  Import took 0.004497 seconds .

========================================================================
Received Prepare
Registering precompiled user dll's ...
Registered in 0.003309 seconds.
Begin MonoManager ReloadAssembly
Native extension for WindowsStandalone target not found
Refreshing native plugins compatible for Editor in 0.35 ms, found 2 plugins.
Preloading 0 native plugins for Editor in 0.00 ms.
Mono: successfully reloaded assembly
- Completed reload, in  1.118 seconds
Domain Reload Profiling:
	ReloadAssembly (1118ms)
		BeginReloadAssembly (140ms)
			ExecutionOrderSort (0ms)
			DisableScriptedObjects (5ms)
			BackupInstance (0ms)
			ReleaseScriptingObjects (0ms)
			CreateAndSetChildDomain (35ms)
		EndReloadAssembly (910ms)
			LoadAssemblies (91ms)
			RebuildTransferFunctionScriptingTraits (0ms)
			SetupTypeCache (333ms)
			ReleaseScriptCaches (1ms)
			RebuildScriptCaches (43ms)
			SetupLoadedEditorAssemblies (344ms)
				LogAssemblyErrors (0ms)
				InitializePlatformSupportModulesInManaged (5ms)
				SetLoadedEditorAssemblies (1ms)
				RefreshPlugins (0ms)
				BeforeProcessingInitializeOnLoad (72ms)
				ProcessInitializeOnLoadAttributes (248ms)
				ProcessInitializeOnLoadMethodAttributes (11ms)
				AfterProcessingInitializeOnLoad (7ms)
				EditorAssembliesLoaded (0ms)
			ExecutionOrderSort2 (0ms)
			AwakeInstancesAfterBackupRestoration (7ms)
Platform modules already initialized, skipping
Refreshing native plugins compatible for Editor in 0.39 ms, found 2 plugins.
Preloading 0 native plugins for Editor in 0.00 ms.
Unloading 1643 Unused Serialized files (Serialized files now loaded: 0)
System memory in use before: 73.4 MB.
System memory in use after: 73.5 MB.

Unloading 15 unused Assets to reduce memory usage. Loaded Objects now: 2086.
Total: 3.099600 ms (FindLiveObjects: 0.152000 ms CreateObjectMapping: 0.056000 ms MarkObjects: 2.826800 ms  DeleteObjects: 0.063800 ms)

AssetImportParameters requested are different than current active one (requested -> active):
  custom:framework-win-MediaFoundation: 216162199b28c13a410421893ffa2e32 -> 
  custom:video-decoder-ogg-theora: a1e56fd34408186e4bbccfd4996cb3dc -> 
  custom:container-muxer-webm: aa71ff27fc2769a1b78a27578f13a17b -> 
  custom:container-demuxer-webm: 4f35f7cbe854078d1ac9338744f61a02 -> 
  custom:container-demuxer-ogg: 62fdf1f143b41e24485cea50d1cbac27 -> 
  custom:video-encoder-webm-vp8: eb34c28f22e8b96e1ab97ce403110664 -> 
  custom:video-decoder-webm-vp8: 9c59270c3fd7afecdb556c50c9e8de78 -> 
  custom:audio-decoder-ogg-vorbis: bf7c407c2cedff20999df2af8eb42d56 -> 
  custom:audio-encoder-webm-vorbis: bf7c407c2cedff20999df2af8eb42d56 -> 
========================================================================
Received Import Request.
  Time since last request: 290.412419 seconds.
  path: Assets/Prefabs/proyectil.prefab
  artifactKey: Guid(090e53909b9ccd94a8611ace6003703e) Importer(815301076,1909f56bfc062723c751e8b465ee728b)
Start importing Assets/Prefabs/proyectil.prefab using Guid(090e53909b9ccd94a8611ace6003703e) Importer(815301076,1909f56bfc062723c751e8b465ee728b)  -> (artifact id: '29ba400b040cf882ef7e535fa471f317') in 0.095507 seconds 
  Import took 0.099546 seconds .

========================================================================
Received Prepare
Registering precompiled user dll's ...
Registered in 0.003211 seconds.
Begin MonoManager ReloadAssembly
Native extension for WindowsStandalone target not found
Refreshing native plugins compatible for Editor in 0.56 ms, found 2 plugins.
Preloading 0 native plugins for Editor in 0.00 ms.
Mono: successfully reloaded assembly
- Completed reload, in  1.047 seconds
Domain Reload Profiling:
	ReloadAssembly (1048ms)
		BeginReloadAssembly (115ms)
			ExecutionOrderSort (0ms)
			DisableScriptedObjects (5ms)
			BackupInstance (0ms)
			ReleaseScriptingObjects (0ms)
			CreateAndSetChildDomain (34ms)
		EndReloadAssembly (866ms)
			LoadAssemblies (90ms)
			RebuildTransferFunctionScriptingTraits (0ms)
			SetupTypeCache (309ms)
			ReleaseScriptCaches (1ms)
			RebuildScriptCaches (48ms)
			SetupLoadedEditorAssemblies (313ms)
				LogAssemblyErrors (0ms)
				InitializePlatformSupportModulesInManaged (5ms)
				SetLoadedEditorAssemblies (1ms)
				RefreshPlugins (1ms)
				BeforeProcessingInitializeOnLoad (60ms)
				ProcessInitializeOnLoadAttributes (230ms)
				ProcessInitializeOnLoadMethodAttributes (10ms)
				AfterProcessingInitializeOnLoad (6ms)
				EditorAssembliesLoaded (0ms)
			ExecutionOrderSort2 (0ms)
			AwakeInstancesAfterBackupRestoration (7ms)
Platform modules already initialized, skipping
Refreshing native plugins compatible for Editor in 0.36 ms, found 2 plugins.
Preloading 0 native plugins for Editor in 0.00 ms.
Unloading 1643 Unused Serialized files (Serialized files now loaded: 0)
System memory in use before: 76.5 MB.
System memory in use after: 76.6 MB.

Unloading 15 unused Assets to reduce memory usage. Loaded Objects now: 2096.
Total: 2.790400 ms (FindLiveObjects: 0.148500 ms CreateObjectMapping: 0.053300 ms MarkObjects: 2.570700 ms  DeleteObjects: 0.017100 ms)

AssetImportParameters requested are different than current active one (requested -> active):
  custom:framework-win-MediaFoundation: 216162199b28c13a410421893ffa2e32 -> 
  custom:video-decoder-ogg-theora: a1e56fd34408186e4bbccfd4996cb3dc -> 
  custom:container-muxer-webm: aa71ff27fc2769a1b78a27578f13a17b -> 
  custom:container-demuxer-webm: 4f35f7cbe854078d1ac9338744f61a02 -> 
  custom:container-demuxer-ogg: 62fdf1f143b41e24485cea50d1cbac27 -> 
  custom:video-encoder-webm-vp8: eb34c28f22e8b96e1ab97ce403110664 -> 
  custom:video-decoder-webm-vp8: 9c59270c3fd7afecdb556c50c9e8de78 -> 
  custom:audio-decoder-ogg-vorbis: bf7c407c2cedff20999df2af8eb42d56 -> 
  custom:audio-encoder-webm-vorbis: bf7c407c2cedff20999df2af8eb42d56 -> 
========================================================================
Received Import Request.
  Time since last request: 498.001583 seconds.
  path: Assets/Scripts/Target.cs
  artifactKey: Guid(d750cc7e38036454f91f964c1d02244b) Importer(815301076,1909f56bfc062723c751e8b465ee728b)
Start importing Assets/Scripts/Target.cs using Guid(d750cc7e38036454f91f964c1d02244b) Importer(815301076,1909f56bfc062723c751e8b465ee728b)  -> (artifact id: '32f2a0df777e51e38f4c4b88e2eaf327') in 0.008600 seconds 
  Import took 0.012847 seconds .

========================================================================
Received Prepare
Registering precompiled user dll's ...
Registered in 0.002847 seconds.
Begin MonoManager ReloadAssembly
Native extension for WindowsStandalone target not found
Refreshing native plugins compatible for Editor in 0.36 ms, found 2 plugins.
Preloading 0 native plugins for Editor in 0.00 ms.
Mono: successfully reloaded assembly
- Completed reload, in  1.096 seconds
Domain Reload Profiling:
	ReloadAssembly (1097ms)
		BeginReloadAssembly (113ms)
			ExecutionOrderSort (0ms)
			DisableScriptedObjects (5ms)
			BackupInstance (0ms)
			ReleaseScriptingObjects (0ms)
			CreateAndSetChildDomain (31ms)
		EndReloadAssembly (916ms)
			LoadAssemblies (89ms)
			RebuildTransferFunctionScriptingTraits (0ms)
			SetupTypeCache (308ms)
			ReleaseScriptCaches (1ms)
			RebuildScriptCaches (82ms)
			SetupLoadedEditorAssemblies (313ms)
				LogAssemblyErrors (0ms)
				InitializePlatformSupportModulesInManaged (6ms)
				SetLoadedEditorAssemblies (1ms)
				RefreshPlugins (0ms)
				BeforeProcessingInitializeOnLoad (59ms)
				ProcessInitializeOnLoadAttributes (229ms)
				ProcessInitializeOnLoadMethodAttributes (11ms)
				AfterProcessingInitializeOnLoad (8ms)
				EditorAssembliesLoaded (0ms)
			ExecutionOrderSort2 (0ms)
			AwakeInstancesAfterBackupRestoration (7ms)
Platform modules already initialized, skipping
Refreshing native plugins compatible for Editor in 0.39 ms, found 2 plugins.
Preloading 0 native plugins for Editor in 0.00 ms.
Unloading 1644 Unused Serialized files (Serialized files now loaded: 0)
System memory in use before: 76.6 MB.
System memory in use after: 76.7 MB.

Unloading 15 unused Assets to reduce memory usage. Loaded Objects now: 2099.
Total: 2.709700 ms (FindLiveObjects: 0.157100 ms CreateObjectMapping: 0.139000 ms MarkObjects: 2.394100 ms  DeleteObjects: 0.018200 ms)

AssetImportParameters requested are different than current active one (requested -> active):
  custom:framework-win-MediaFoundation: 216162199b28c13a410421893ffa2e32 -> 
  custom:video-decoder-ogg-theora: a1e56fd34408186e4bbccfd4996cb3dc -> 
  custom:container-muxer-webm: aa71ff27fc2769a1b78a27578f13a17b -> 
  custom:container-demuxer-webm: 4f35f7cbe854078d1ac9338744f61a02 -> 
  custom:container-demuxer-ogg: 62fdf1f143b41e24485cea50d1cbac27 -> 
  custom:video-encoder-webm-vp8: eb34c28f22e8b96e1ab97ce403110664 -> 
  custom:video-decoder-webm-vp8: 9c59270c3fd7afecdb556c50c9e8de78 -> 
  custom:audio-decoder-ogg-vorbis: bf7c407c2cedff20999df2af8eb42d56 -> 
  custom:audio-encoder-webm-vorbis: bf7c407c2cedff20999df2af8eb42d56 -> 
========================================================================
Received Import Request.
  Time since last request: 131.713888 seconds.
  path: Assets/Scripts/Target.cs
  artifactKey: Guid(d750cc7e38036454f91f964c1d02244b) Importer(815301076,1909f56bfc062723c751e8b465ee728b)
Start importing Assets/Scripts/Target.cs using Guid(d750cc7e38036454f91f964c1d02244b) Importer(815301076,1909f56bfc062723c751e8b465ee728b)  -> (artifact id: 'a3040e63a418006c23f6169c70d6791d') in 0.008618 seconds 
  Import took 0.014112 seconds .

========================================================================
Received Import Request.
  Time since last request: 9.405475 seconds.
  path: ProjectSettings/TagManager.asset
  artifactKey: Guid(00000000000000003000000000000000) Importer(815301076,1909f56bfc062723c751e8b465ee728b)
Start importing ProjectSettings/TagManager.asset using Guid(00000000000000003000000000000000) Importer(815301076,1909f56bfc062723c751e8b465ee728b)  -> (artifact id: 'ce6a35c3cddc746e7501c0bd0ed6d4ce') in 0.011628 seconds 
  Import took 0.015794 seconds .

========================================================================
Received Import Request.
  Time since last request: 18.244631 seconds.
  path: Assets/Prefabs/obstaculo.prefab
  artifactKey: Guid(5733a2e1a7a9baa4d866ee431b0025bf) Importer(815301076,1909f56bfc062723c751e8b465ee728b)
Start importing Assets/Prefabs/obstaculo.prefab using Guid(5733a2e1a7a9baa4d866ee431b0025bf) Importer(815301076,1909f56bfc062723c751e8b465ee728b)  -> (artifact id: 'e1ed367ab99129c06797e414410cc4ad') in 0.052709 seconds 
  Import took 0.055769 seconds .

========================================================================
Received Import Request.
  Time since last request: 3.744864 seconds.
  path: Assets/Prefabs/moneda.prefab
  artifactKey: Guid(811e5ec5a5f97ca42a471f47d9412526) Importer(815301076,1909f56bfc062723c751e8b465ee728b)
Start importing Assets/Prefabs/moneda.prefab using Guid(811e5ec5a5f97ca42a471f47d9412526) Importer(815301076,1909f56bfc062723c751e8b465ee728b)  -> (artifact id: 'c3c3e85f3a384da5db079b57ba4fdc49') in 0.011405 seconds 
  Import took 0.015783 seconds .

========================================================================
Received Import Request.
  Time since last request: 1020.083234 seconds.
  path: Assets/Prefabs/proyectil.prefab
  artifactKey: Guid(090e53909b9ccd94a8611ace6003703e) Importer(815301076,1909f56bfc062723c751e8b465ee728b)
Start importing Assets/Prefabs/proyectil.prefab using Guid(090e53909b9ccd94a8611ace6003703e) Importer(815301076,1909f56bfc062723c751e8b465ee728b)  -> (artifact id: 'c8e352be98f51a5e724c83bee047b2ef') in 0.011858 seconds 
  Import took 0.015441 seconds .

========================================================================
Received Import Request.
  Time since last request: 47.704040 seconds.
  path: Assets/Prefabs/proyectil.prefab
  artifactKey: Guid(090e53909b9ccd94a8611ace6003703e) Importer(815301076,1909f56bfc062723c751e8b465ee728b)
Start importing Assets/Prefabs/proyectil.prefab using Guid(090e53909b9ccd94a8611ace6003703e) Importer(815301076,1909f56bfc062723c751e8b465ee728b)  -> (artifact id: '02c4d0ce0ef11cd01a7993e212fe4557') in 0.008907 seconds 
  Import took 0.013530 seconds .

========================================================================
Received Prepare
Registering precompiled user dll's ...
Registered in 0.003294 seconds.
Begin MonoManager ReloadAssembly
Native extension for WindowsStandalone target not found
Refreshing native plugins compatible for Editor in 0.38 ms, found 2 plugins.
Preloading 0 native plugins for Editor in 0.00 ms.
Mono: successfully reloaded assembly
- Completed reload, in  1.066 seconds
Domain Reload Profiling:
	ReloadAssembly (1067ms)
		BeginReloadAssembly (114ms)
			ExecutionOrderSort (0ms)
			DisableScriptedObjects (5ms)
			BackupInstance (0ms)
			ReleaseScriptingObjects (0ms)
			CreateAndSetChildDomain (35ms)
		EndReloadAssembly (880ms)
			LoadAssemblies (93ms)
			RebuildTransferFunctionScriptingTraits (0ms)
			SetupTypeCache (316ms)
			ReleaseScriptCaches (1ms)
			RebuildScriptCaches (46ms)
			SetupLoadedEditorAssemblies (315ms)
				LogAssemblyErrors (0ms)
				InitializePlatformSupportModulesInManaged (5ms)
				SetLoadedEditorAssemblies (1ms)
				RefreshPlugins (0ms)
				BeforeProcessingInitializeOnLoad (58ms)
				ProcessInitializeOnLoadAttributes (235ms)
				ProcessInitializeOnLoadMethodAttributes (10ms)
				AfterProcessingInitializeOnLoad (7ms)
				EditorAssembliesLoaded (0ms)
			ExecutionOrderSort2 (0ms)
			AwakeInstancesAfterBackupRestoration (7ms)
Platform modules already initialized, skipping
Refreshing native plugins compatible for Editor in 0.36 ms, found 2 plugins.
Preloading 0 native plugins for Editor in 0.00 ms.
Unloading 1644 Unused Serialized files (Serialized files now loaded: 0)
System memory in use before: 76.6 MB.
System memory in use after: 76.7 MB.

Unloading 16 unused Assets to reduce memory usage. Loaded Objects now: 2103.
Total: 3.908500 ms (FindLiveObjects: 0.594600 ms CreateObjectMapping: 0.423500 ms MarkObjects: 2.835700 ms  DeleteObjects: 0.042200 ms)

AssetImportParameters requested are different than current active one (requested -> active):
  custom:framework-win-MediaFoundation: 216162199b28c13a410421893ffa2e32 -> 
  custom:video-decoder-ogg-theora: a1e56fd34408186e4bbccfd4996cb3dc -> 
  custom:container-muxer-webm: aa71ff27fc2769a1b78a27578f13a17b -> 
  custom:container-demuxer-webm: 4f35f7cbe854078d1ac9338744f61a02 -> 
  custom:container-demuxer-ogg: 62fdf1f143b41e24485cea50d1cbac27 -> 
  custom:video-encoder-webm-vp8: eb34c28f22e8b96e1ab97ce403110664 -> 
  custom:video-decoder-webm-vp8: 9c59270c3fd7afecdb556c50c9e8de78 -> 
  custom:audio-decoder-ogg-vorbis: bf7c407c2cedff20999df2af8eb42d56 -> 
  custom:audio-encoder-webm-vorbis: bf7c407c2cedff20999df2af8eb42d56 -> 
========================================================================
Received Prepare
Registering precompiled user dll's ...
Registered in 0.003076 seconds.
Begin MonoManager ReloadAssembly
Native extension for WindowsStandalone target not found
Refreshing native plugins compatible for Editor in 0.36 ms, found 2 plugins.
Preloading 0 native plugins for Editor in 0.00 ms.
Mono: successfully reloaded assembly
- Completed reload, in  1.052 seconds
Domain Reload Profiling:
	ReloadAssembly (1053ms)
		BeginReloadAssembly (109ms)
			ExecutionOrderSort (0ms)
			DisableScriptedObjects (5ms)
			BackupInstance (0ms)
			ReleaseScriptingObjects (0ms)
			CreateAndSetChildDomain (31ms)
		EndReloadAssembly (876ms)
			LoadAssemblies (93ms)
			RebuildTransferFunctionScriptingTraits (0ms)
			SetupTypeCache (303ms)
			ReleaseScriptCaches (1ms)
			RebuildScriptCaches (46ms)
			SetupLoadedEditorAssemblies (307ms)
				LogAssemblyErrors (0ms)
				InitializePlatformSupportModulesInManaged (5ms)
				SetLoadedEditorAssemblies (1ms)
				RefreshPlugins (0ms)
				BeforeProcessingInitializeOnLoad (53ms)
				ProcessInitializeOnLoadAttributes (228ms)
				ProcessInitializeOnLoadMethodAttributes (10ms)
				AfterProcessingInitializeOnLoad (10ms)
				EditorAssembliesLoaded (0ms)
			ExecutionOrderSort2 (0ms)
			AwakeInstancesAfterBackupRestoration (20ms)
Platform modules already initialized, skipping
Refreshing native plugins compatible for Editor in 0.38 ms, found 2 plugins.
Preloading 0 native plugins for Editor in 0.00 ms.
Unloading 1644 Unused Serialized files (Serialized files now loaded: 0)
System memory in use before: 76.6 MB.
System memory in use after: 76.7 MB.

Unloading 15 unused Assets to reduce memory usage. Loaded Objects now: 2105.
Total: 2.892400 ms (FindLiveObjects: 0.154200 ms CreateObjectMapping: 0.054900 ms MarkObjects: 2.664700 ms  DeleteObjects: 0.017600 ms)

AssetImportParameters requested are different than current active one (requested -> active):
  custom:framework-win-MediaFoundation: 216162199b28c13a410421893ffa2e32 -> 
  custom:video-decoder-ogg-theora: a1e56fd34408186e4bbccfd4996cb3dc -> 
  custom:container-muxer-webm: aa71ff27fc2769a1b78a27578f13a17b -> 
  custom:container-demuxer-webm: 4f35f7cbe854078d1ac9338744f61a02 -> 
  custom:container-demuxer-ogg: 62fdf1f143b41e24485cea50d1cbac27 -> 
  custom:video-encoder-webm-vp8: eb34c28f22e8b96e1ab97ce403110664 -> 
  custom:video-decoder-webm-vp8: 9c59270c3fd7afecdb556c50c9e8de78 -> 
  custom:audio-decoder-ogg-vorbis: bf7c407c2cedff20999df2af8eb42d56 -> 
  custom:audio-encoder-webm-vorbis: bf7c407c2cedff20999df2af8eb42d56 -> 
========================================================================
Received Import Request.
  Time since last request: 1933.846972 seconds.
  path: Assets/Scripts/RandomPos.cs
  artifactKey: Guid(0d0ca398d09ea6744a7f66b95515cf32) Importer(815301076,1909f56bfc062723c751e8b465ee728b)
Start importing Assets/Scripts/RandomPos.cs using Guid(0d0ca398d09ea6744a7f66b95515cf32) Importer(815301076,1909f56bfc062723c751e8b465ee728b)  -> (artifact id: 'df70bc1a1022f0764a45902206d69c75') in 0.006220 seconds 
  Import took 0.009897 seconds .

========================================================================
Received Prepare
Registering precompiled user dll's ...
Registered in 0.003029 seconds.
Begin MonoManager ReloadAssembly
Native extension for WindowsStandalone target not found
Refreshing native plugins compatible for Editor in 0.38 ms, found 2 plugins.
Preloading 0 native plugins for Editor in 0.00 ms.
Mono: successfully reloaded assembly
- Completed reload, in  1.085 seconds
Domain Reload Profiling:
	ReloadAssembly (1086ms)
		BeginReloadAssembly (120ms)
			ExecutionOrderSort (0ms)
			DisableScriptedObjects (5ms)
			BackupInstance (0ms)
			ReleaseScriptingObjects (0ms)
			CreateAndSetChildDomain (32ms)
		EndReloadAssembly (898ms)
			LoadAssemblies (89ms)
			RebuildTransferFunctionScriptingTraits (0ms)
			SetupTypeCache (355ms)
			ReleaseScriptCaches (1ms)
			RebuildScriptCaches (43ms)
			SetupLoadedEditorAssemblies (302ms)
				LogAssemblyErrors (0ms)
				InitializePlatformSupportModulesInManaged (5ms)
				SetLoadedEditorAssemblies (1ms)
				RefreshPlugins (0ms)
				BeforeProcessingInitializeOnLoad (53ms)
				ProcessInitializeOnLoadAttributes (223ms)
				ProcessInitializeOnLoadMethodAttributes (13ms)
				AfterProcessingInitializeOnLoad (8ms)
				EditorAssembliesLoaded (0ms)
			ExecutionOrderSort2 (0ms)
			AwakeInstancesAfterBackupRestoration (8ms)
Platform modules already initialized, skipping
Refreshing native plugins compatible for Editor in 0.37 ms, found 2 plugins.
Preloading 0 native plugins for Editor in 0.00 ms.
Unloading 1645 Unused Serialized files (Serialized files now loaded: 0)
System memory in use before: 76.6 MB.
System memory in use after: 76.7 MB.

Unloading 15 unused Assets to reduce memory usage. Loaded Objects now: 2108.
Total: 2.702800 ms (FindLiveObjects: 0.151300 ms CreateObjectMapping: 0.054300 ms MarkObjects: 2.479000 ms  DeleteObjects: 0.017200 ms)

AssetImportParameters requested are different than current active one (requested -> active):
  custom:framework-win-MediaFoundation: 216162199b28c13a410421893ffa2e32 -> 
  custom:video-decoder-ogg-theora: a1e56fd34408186e4bbccfd4996cb3dc -> 
  custom:container-muxer-webm: aa71ff27fc2769a1b78a27578f13a17b -> 
  custom:container-demuxer-webm: 4f35f7cbe854078d1ac9338744f61a02 -> 
  custom:container-demuxer-ogg: 62fdf1f143b41e24485cea50d1cbac27 -> 
  custom:video-encoder-webm-vp8: eb34c28f22e8b96e1ab97ce403110664 -> 
  custom:video-decoder-webm-vp8: 9c59270c3fd7afecdb556c50c9e8de78 -> 
  custom:audio-decoder-ogg-vorbis: bf7c407c2cedff20999df2af8eb42d56 -> 
  custom:audio-encoder-webm-vorbis: bf7c407c2cedff20999df2af8eb42d56 -> 
========================================================================
Received Prepare
Registering precompiled user dll's ...
Registered in 0.002856 seconds.
Begin MonoManager ReloadAssembly
Native extension for WindowsStandalone target not found
Refreshing native plugins compatible for Editor in 0.36 ms, found 2 plugins.
Preloading 0 native plugins for Editor in 0.00 ms.
Mono: successfully reloaded assembly
- Completed reload, in  1.043 seconds
Domain Reload Profiling:
	ReloadAssembly (1043ms)
		BeginReloadAssembly (106ms)
			ExecutionOrderSort (0ms)
			DisableScriptedObjects (5ms)
			BackupInstance (0ms)
			ReleaseScriptingObjects (0ms)
			CreateAndSetChildDomain (31ms)
		EndReloadAssembly (869ms)
			LoadAssemblies (90ms)
			RebuildTransferFunctionScriptingTraits (0ms)
			SetupTypeCache (312ms)
			ReleaseScriptCaches (1ms)
			RebuildScriptCaches (46ms)
			SetupLoadedEditorAssemblies (311ms)
				LogAssemblyErrors (0ms)
				InitializePlatformSupportModulesInManaged (5ms)
				SetLoadedEditorAssemblies (1ms)
				RefreshPlugins (0ms)
				BeforeProcessingInitializeOnLoad (56ms)
				ProcessInitializeOnLoadAttributes (232ms)
				ProcessInitializeOnLoadMethodAttributes (10ms)
				AfterProcessingInitializeOnLoad (7ms)
				EditorAssembliesLoaded (0ms)
			ExecutionOrderSort2 (0ms)
			AwakeInstancesAfterBackupRestoration (7ms)
Platform modules already initialized, skipping
Refreshing native plugins compatible for Editor in 0.36 ms, found 2 plugins.
Preloading 0 native plugins for Editor in 0.00 ms.
Unloading 1645 Unused Serialized files (Serialized files now loaded: 0)
System memory in use before: 76.6 MB.
System memory in use after: 76.7 MB.

Unloading 15 unused Assets to reduce memory usage. Loaded Objects now: 2110.
Total: 2.901000 ms (FindLiveObjects: 0.150400 ms CreateObjectMapping: 0.055100 ms MarkObjects: 2.648600 ms  DeleteObjects: 0.045700 ms)

AssetImportParameters requested are different than current active one (requested -> active):
  custom:framework-win-MediaFoundation: 216162199b28c13a410421893ffa2e32 -> 
  custom:video-decoder-ogg-theora: a1e56fd34408186e4bbccfd4996cb3dc -> 
  custom:container-muxer-webm: aa71ff27fc2769a1b78a27578f13a17b -> 
  custom:container-demuxer-webm: 4f35f7cbe854078d1ac9338744f61a02 -> 
  custom:container-demuxer-ogg: 62fdf1f143b41e24485cea50d1cbac27 -> 
  custom:video-encoder-webm-vp8: eb34c28f22e8b96e1ab97ce403110664 -> 
  custom:video-decoder-webm-vp8: 9c59270c3fd7afecdb556c50c9e8de78 -> 
  custom:audio-decoder-ogg-vorbis: bf7c407c2cedff20999df2af8eb42d56 -> 
  custom:audio-encoder-webm-vorbis: bf7c407c2cedff20999df2af8eb42d56 -> 
========================================================================
Received Import Request.
  Time since last request: 180.052632 seconds.
  path: Assets/Scripts/RandomPos.cs
  artifactKey: Guid(0d0ca398d09ea6744a7f66b95515cf32) Importer(815301076,1909f56bfc062723c751e8b465ee728b)
Start importing Assets/Scripts/RandomPos.cs using Guid(0d0ca398d09ea6744a7f66b95515cf32) Importer(815301076,1909f56bfc062723c751e8b465ee728b)  -> (artifact id: 'f4857500d42e0ba0db2f405d2d89b57e') in 0.003582 seconds 
  Import took 0.006181 seconds .

========================================================================
Received Import Request.
  Time since last request: 18.007964 seconds.
  path: Assets/Prefabs/moneda.prefab
  artifactKey: Guid(811e5ec5a5f97ca42a471f47d9412526) Importer(815301076,1909f56bfc062723c751e8b465ee728b)
Start importing Assets/Prefabs/moneda.prefab using Guid(811e5ec5a5f97ca42a471f47d9412526) Importer(815301076,1909f56bfc062723c751e8b465ee728b)  -> (artifact id: 'e1093ebefba3646f2836ce712b489e16') in 0.062395 seconds 
  Import took 0.065433 seconds .

========================================================================
Received Prepare
Registering precompiled user dll's ...
Registered in 0.004603 seconds.
Begin MonoManager ReloadAssembly
Native extension for WindowsStandalone target not found
Refreshing native plugins compatible for Editor in 0.47 ms, found 2 plugins.
Preloading 0 native plugins for Editor in 0.00 ms.
Mono: successfully reloaded assembly
- Completed reload, in  1.015 seconds
Domain Reload Profiling:
	ReloadAssembly (1016ms)
		BeginReloadAssembly (118ms)
			ExecutionOrderSort (0ms)
			DisableScriptedObjects (5ms)
			BackupInstance (0ms)
			ReleaseScriptingObjects (0ms)
			CreateAndSetChildDomain (31ms)
		EndReloadAssembly (831ms)
			LoadAssemblies (87ms)
			RebuildTransferFunctionScriptingTraits (0ms)
			SetupTypeCache (295ms)
			ReleaseScriptCaches (1ms)
			RebuildScriptCaches (43ms)
			SetupLoadedEditorAssemblies (303ms)
				LogAssemblyErrors (0ms)
				InitializePlatformSupportModulesInManaged (5ms)
				SetLoadedEditorAssemblies (2ms)
				RefreshPlugins (1ms)
				BeforeProcessingInitializeOnLoad (64ms)
				ProcessInitializeOnLoadAttributes (216ms)
				ProcessInitializeOnLoadMethodAttributes (9ms)
				AfterProcessingInitializeOnLoad (7ms)
				EditorAssembliesLoaded (0ms)
			ExecutionOrderSort2 (0ms)
			AwakeInstancesAfterBackupRestoration (7ms)
Platform modules already initialized, skipping
Refreshing native plugins compatible for Editor in 0.38 ms, found 2 plugins.
Preloading 0 native plugins for Editor in 0.00 ms.
Unloading 1645 Unused Serialized files (Serialized files now loaded: 0)
System memory in use before: 76.6 MB.
System memory in use after: 76.8 MB.

Unloading 15 unused Assets to reduce memory usage. Loaded Objects now: 2113.
Total: 3.840800 ms (FindLiveObjects: 0.158000 ms CreateObjectMapping: 0.057700 ms MarkObjects: 3.602200 ms  DeleteObjects: 0.020900 ms)

AssetImportParameters requested are different than current active one (requested -> active):
  custom:framework-win-MediaFoundation: 216162199b28c13a410421893ffa2e32 -> 
  custom:video-decoder-ogg-theora: a1e56fd34408186e4bbccfd4996cb3dc -> 
  custom:container-muxer-webm: aa71ff27fc2769a1b78a27578f13a17b -> 
  custom:container-demuxer-webm: 4f35f7cbe854078d1ac9338744f61a02 -> 
  custom:container-demuxer-ogg: 62fdf1f143b41e24485cea50d1cbac27 -> 
  custom:video-encoder-webm-vp8: eb34c28f22e8b96e1ab97ce403110664 -> 
  custom:video-decoder-webm-vp8: 9c59270c3fd7afecdb556c50c9e8de78 -> 
  custom:audio-decoder-ogg-vorbis: bf7c407c2cedff20999df2af8eb42d56 -> 
  custom:audio-encoder-webm-vorbis: bf7c407c2cedff20999df2af8eb42d56 -> 
========================================================================
Received Prepare
Registering precompiled user dll's ...
Registered in 0.002874 seconds.
Begin MonoManager ReloadAssembly
Native extension for WindowsStandalone target not found
Refreshing native plugins compatible for Editor in 0.36 ms, found 2 plugins.
Preloading 0 native plugins for Editor in 0.00 ms.
Mono: successfully reloaded assembly
- Completed reload, in  1.072 seconds
Domain Reload Profiling:
	ReloadAssembly (1072ms)
		BeginReloadAssembly (117ms)
			ExecutionOrderSort (0ms)
			DisableScriptedObjects (5ms)
			BackupInstance (0ms)
			ReleaseScriptingObjects (0ms)
			CreateAndSetChildDomain (33ms)
		EndReloadAssembly (887ms)
			LoadAssemblies (91ms)
			RebuildTransferFunctionScriptingTraits (0ms)
			SetupTypeCache (322ms)
			ReleaseScriptCaches (1ms)
			RebuildScriptCaches (48ms)
			SetupLoadedEditorAssemblies (315ms)
				LogAssemblyErrors (0ms)
				InitializePlatformSupportModulesInManaged (5ms)
				SetLoadedEditorAssemblies (1ms)
				RefreshPlugins (0ms)
				BeforeProcessingInitializeOnLoad (58ms)
				ProcessInitializeOnLoadAttributes (234ms)
				ProcessInitializeOnLoadMethodAttributes (10ms)
				AfterProcessingInitializeOnLoad (7ms)
				EditorAssembliesLoaded (0ms)
			ExecutionOrderSort2 (0ms)
			AwakeInstancesAfterBackupRestoration (7ms)
Platform modules already initialized, skipping
Refreshing native plugins compatible for Editor in 0.36 ms, found 2 plugins.
Preloading 0 native plugins for Editor in 0.00 ms.
Unloading 1645 Unused Serialized files (Serialized files now loaded: 0)
System memory in use before: 76.7 MB.
System memory in use after: 76.8 MB.

Unloading 15 unused Assets to reduce memory usage. Loaded Objects now: 2115.
Total: 2.747200 ms (FindLiveObjects: 0.166300 ms CreateObjectMapping: 0.064100 ms MarkObjects: 2.499100 ms  DeleteObjects: 0.016900 ms)

AssetImportParameters requested are different than current active one (requested -> active):
  custom:framework-win-MediaFoundation: 216162199b28c13a410421893ffa2e32 -> 
  custom:video-decoder-ogg-theora: a1e56fd34408186e4bbccfd4996cb3dc -> 
  custom:container-muxer-webm: aa71ff27fc2769a1b78a27578f13a17b -> 
  custom:container-demuxer-webm: 4f35f7cbe854078d1ac9338744f61a02 -> 
  custom:container-demuxer-ogg: 62fdf1f143b41e24485cea50d1cbac27 -> 
  custom:video-encoder-webm-vp8: eb34c28f22e8b96e1ab97ce403110664 -> 
  custom:video-decoder-webm-vp8: 9c59270c3fd7afecdb556c50c9e8de78 -> 
  custom:audio-decoder-ogg-vorbis: bf7c407c2cedff20999df2af8eb42d56 -> 
  custom:audio-encoder-webm-vorbis: bf7c407c2cedff20999df2af8eb42d56 -> 
========================================================================
Received Prepare
Registering precompiled user dll's ...
Registered in 0.002919 seconds.
Begin MonoManager ReloadAssembly
Native extension for WindowsStandalone target not found
Refreshing native plugins compatible for Editor in 0.36 ms, found 2 plugins.
Preloading 0 native plugins for Editor in 0.00 ms.
Mono: successfully reloaded assembly
- Completed reload, in  1.016 seconds
Domain Reload Profiling:
	ReloadAssembly (1017ms)
		BeginReloadAssembly (106ms)
			ExecutionOrderSort (0ms)
			DisableScriptedObjects (5ms)
			BackupInstance (0ms)
			ReleaseScriptingObjects (0ms)
			CreateAndSetChildDomain (30ms)
		EndReloadAssembly (842ms)
			LoadAssemblies (86ms)
			RebuildTransferFunctionScriptingTraits (0ms)
			SetupTypeCache (308ms)
			ReleaseScriptCaches (1ms)
			RebuildScriptCaches (49ms)
			SetupLoadedEditorAssemblies (294ms)
				LogAssemblyErrors (0ms)
				InitializePlatformSupportModulesInManaged (5ms)
				SetLoadedEditorAssemblies (1ms)
				RefreshPlugins (0ms)
				BeforeProcessingInitializeOnLoad (53ms)
				ProcessInitializeOnLoadAttributes (216ms)
				ProcessInitializeOnLoadMethodAttributes (12ms)
				AfterProcessingInitializeOnLoad (6ms)
				EditorAssembliesLoaded (0ms)
			ExecutionOrderSort2 (0ms)
			AwakeInstancesAfterBackupRestoration (7ms)
Platform modules already initialized, skipping
Refreshing native plugins compatible for Editor in 0.36 ms, found 2 plugins.
Preloading 0 native plugins for Editor in 0.00 ms.
Unloading 1645 Unused Serialized files (Serialized files now loaded: 0)
System memory in use before: 76.7 MB.
System memory in use after: 76.8 MB.

Unloading 15 unused Assets to reduce memory usage. Loaded Objects now: 2117.
Total: 2.852800 ms (FindLiveObjects: 0.146100 ms CreateObjectMapping: 0.051800 ms MarkObjects: 2.637000 ms  DeleteObjects: 0.017000 ms)

AssetImportParameters requested are different than current active one (requested -> active):
  custom:framework-win-MediaFoundation: 216162199b28c13a410421893ffa2e32 -> 
  custom:video-decoder-ogg-theora: a1e56fd34408186e4bbccfd4996cb3dc -> 
  custom:container-muxer-webm: aa71ff27fc2769a1b78a27578f13a17b -> 
  custom:container-demuxer-webm: 4f35f7cbe854078d1ac9338744f61a02 -> 
  custom:container-demuxer-ogg: 62fdf1f143b41e24485cea50d1cbac27 -> 
  custom:video-encoder-webm-vp8: eb34c28f22e8b96e1ab97ce403110664 -> 
  custom:video-decoder-webm-vp8: 9c59270c3fd7afecdb556c50c9e8de78 -> 
  custom:audio-decoder-ogg-vorbis: bf7c407c2cedff20999df2af8eb42d56 -> 
  custom:audio-encoder-webm-vorbis: bf7c407c2cedff20999df2af8eb42d56 -> 
========================================================================
Received Prepare
Registering precompiled user dll's ...
Registered in 0.003482 seconds.
Begin MonoManager ReloadAssembly
Native extension for WindowsStandalone target not found
Refreshing native plugins compatible for Editor in 0.40 ms, found 2 plugins.
Preloading 0 native plugins for Editor in 0.00 ms.
Mono: successfully reloaded assembly
- Completed reload, in  1.011 seconds
Domain Reload Profiling:
	ReloadAssembly (1011ms)
		BeginReloadAssembly (117ms)
			ExecutionOrderSort (0ms)
			DisableScriptedObjects (5ms)
			BackupInstance (0ms)
			ReleaseScriptingObjects (0ms)
			CreateAndSetChildDomain (30ms)
		EndReloadAssembly (826ms)
			LoadAssemblies (90ms)
			RebuildTransferFunctionScriptingTraits (0ms)
			SetupTypeCache (289ms)
			ReleaseScriptCaches (1ms)
			RebuildScriptCaches (42ms)
			SetupLoadedEditorAssemblies (307ms)
				LogAssemblyErrors (0ms)
				InitializePlatformSupportModulesInManaged (5ms)
				SetLoadedEditorAssemblies (1ms)
				RefreshPlugins (0ms)
				BeforeProcessingInitializeOnLoad (55ms)
				ProcessInitializeOnLoadAttributes (229ms)
				ProcessInitializeOnLoadMethodAttributes (10ms)
				AfterProcessingInitializeOnLoad (7ms)
				EditorAssembliesLoaded (0ms)
			ExecutionOrderSort2 (0ms)
			AwakeInstancesAfterBackupRestoration (8ms)
Platform modules already initialized, skipping
Refreshing native plugins compatible for Editor in 0.44 ms, found 2 plugins.
Preloading 0 native plugins for Editor in 0.00 ms.
Unloading 1645 Unused Serialized files (Serialized files now loaded: 0)
System memory in use before: 76.7 MB.
System memory in use after: 76.8 MB.

Unloading 15 unused Assets to reduce memory usage. Loaded Objects now: 2119.
Total: 3.130800 ms (FindLiveObjects: 0.156000 ms CreateObjectMapping: 0.056400 ms MarkObjects: 2.899300 ms  DeleteObjects: 0.017600 ms)

AssetImportParameters requested are different than current active one (requested -> active):
  custom:framework-win-MediaFoundation: 216162199b28c13a410421893ffa2e32 -> 
  custom:video-decoder-ogg-theora: a1e56fd34408186e4bbccfd4996cb3dc -> 
  custom:container-muxer-webm: aa71ff27fc2769a1b78a27578f13a17b -> 
  custom:container-demuxer-webm: 4f35f7cbe854078d1ac9338744f61a02 -> 
  custom:container-demuxer-ogg: 62fdf1f143b41e24485cea50d1cbac27 -> 
  custom:video-encoder-webm-vp8: eb34c28f22e8b96e1ab97ce403110664 -> 
  custom:video-decoder-webm-vp8: 9c59270c3fd7afecdb556c50c9e8de78 -> 
  custom:audio-decoder-ogg-vorbis: bf7c407c2cedff20999df2af8eb42d56 -> 
  custom:audio-encoder-webm-vorbis: bf7c407c2cedff20999df2af8eb42d56 -> 
========================================================================
Received Import Request.
  Time since last request: 1642.680521 seconds.
  path: Assets/Scripts/SpawnPos.cs
  artifactKey: Guid(89f5821bd794e154a99bbb0a72b0a86d) Importer(815301076,1909f56bfc062723c751e8b465ee728b)
Start importing Assets/Scripts/SpawnPos.cs using Guid(89f5821bd794e154a99bbb0a72b0a86d) Importer(815301076,1909f56bfc062723c751e8b465ee728b)  -> (artifact id: 'ef8505e1ede69dd5c863a259eed5a4a6') in 0.005831 seconds 
  Import took 0.008981 seconds .

========================================================================
Received Prepare
Registering precompiled user dll's ...
Registered in 0.003053 seconds.
Begin MonoManager ReloadAssembly
Native extension for WindowsStandalone target not found
Refreshing native plugins compatible for Editor in 0.35 ms, found 2 plugins.
Preloading 0 native plugins for Editor in 0.00 ms.
Mono: successfully reloaded assembly
- Completed reload, in  1.073 seconds
Domain Reload Profiling:
	ReloadAssembly (1074ms)
		BeginReloadAssembly (111ms)
			ExecutionOrderSort (0ms)
			DisableScriptedObjects (4ms)
			BackupInstance (0ms)
			ReleaseScriptingObjects (0ms)
			CreateAndSetChildDomain (29ms)
		EndReloadAssembly (896ms)
			LoadAssemblies (87ms)
			RebuildTransferFunctionScriptingTraits (0ms)
			SetupTypeCache (345ms)
			ReleaseScriptCaches (2ms)
			RebuildScriptCaches (45ms)
			SetupLoadedEditorAssemblies (305ms)
				LogAssemblyErrors (0ms)
				InitializePlatformSupportModulesInManaged (5ms)
				SetLoadedEditorAssemblies (1ms)
				RefreshPlugins (0ms)
				BeforeProcessingInitializeOnLoad (56ms)
				ProcessInitializeOnLoadAttributes (227ms)
				ProcessInitializeOnLoadMethodAttributes (9ms)
				AfterProcessingInitializeOnLoad (7ms)
				EditorAssembliesLoaded (0ms)
			ExecutionOrderSort2 (0ms)
			AwakeInstancesAfterBackupRestoration (8ms)
Platform modules already initialized, skipping
Refreshing native plugins compatible for Editor in 0.36 ms, found 2 plugins.
Preloading 0 native plugins for Editor in 0.00 ms.
Unloading 1646 Unused Serialized files (Serialized files now loaded: 0)
System memory in use before: 76.7 MB.
System memory in use after: 76.8 MB.

Unloading 15 unused Assets to reduce memory usage. Loaded Objects now: 2122.
Total: 3.193900 ms (FindLiveObjects: 0.155000 ms CreateObjectMapping: 0.057200 ms MarkObjects: 2.961700 ms  DeleteObjects: 0.019200 ms)

AssetImportParameters requested are different than current active one (requested -> active):
  custom:framework-win-MediaFoundation: 216162199b28c13a410421893ffa2e32 -> 
  custom:video-decoder-ogg-theora: a1e56fd34408186e4bbccfd4996cb3dc -> 
  custom:container-muxer-webm: aa71ff27fc2769a1b78a27578f13a17b -> 
  custom:container-demuxer-webm: 4f35f7cbe854078d1ac9338744f61a02 -> 
  custom:container-demuxer-ogg: 62fdf1f143b41e24485cea50d1cbac27 -> 
  custom:video-encoder-webm-vp8: eb34c28f22e8b96e1ab97ce403110664 -> 
  custom:video-decoder-webm-vp8: 9c59270c3fd7afecdb556c50c9e8de78 -> 
  custom:audio-decoder-ogg-vorbis: bf7c407c2cedff20999df2af8eb42d56 -> 
  custom:audio-encoder-webm-vorbis: bf7c407c2cedff20999df2af8eb42d56 -> 
========================================================================
Received Import Request.
  Time since last request: 326.924981 seconds.
  path: Assets/Scripts/SpawnPos.cs
  artifactKey: Guid(89f5821bd794e154a99bbb0a72b0a86d) Importer(815301076,1909f56bfc062723c751e8b465ee728b)
Start importing Assets/Scripts/SpawnPos.cs using Guid(89f5821bd794e154a99bbb0a72b0a86d) Importer(815301076,1909f56bfc062723c751e8b465ee728b)  -> (artifact id: 'b2fe7f270724e142c1c4b15510266f72') in 0.004494 seconds 
  Import took 0.008847 seconds .

========================================================================
Received Import Request.
  Time since last request: 24.882581 seconds.
  path: Assets/Prefabs/obstaculo.prefab
  artifactKey: Guid(5733a2e1a7a9baa4d866ee431b0025bf) Importer(815301076,1909f56bfc062723c751e8b465ee728b)
Start importing Assets/Prefabs/obstaculo.prefab using Guid(5733a2e1a7a9baa4d866ee431b0025bf) Importer(815301076,1909f56bfc062723c751e8b465ee728b)  -> (artifact id: '0f9271fd7df020afc4c0c59f070dcc3e') in 0.053868 seconds 
  Import took 0.058250 seconds .

========================================================================
Received Import Request.
  Time since last request: 215.862972 seconds.
  path: Assets/Scripts/Target.cs
  artifactKey: Guid(d750cc7e38036454f91f964c1d02244b) Importer(815301076,1909f56bfc062723c751e8b465ee728b)
Start importing Assets/Scripts/Target.cs using Guid(d750cc7e38036454f91f964c1d02244b) Importer(815301076,1909f56bfc062723c751e8b465ee728b)  -> (artifact id: '2ab0b8403f707e5c6f2bfa282e0ba7c1') in 0.001896 seconds 
  Import took 0.005057 seconds .

========================================================================
Received Import Request.
  Time since last request: 4.958406 seconds.
  path: Assets/Scripts/RandomPos.cs
  artifactKey: Guid(0d0ca398d09ea6744a7f66b95515cf32) Importer(815301076,1909f56bfc062723c751e8b465ee728b)
Start importing Assets/Scripts/RandomPos.cs using Guid(0d0ca398d09ea6744a7f66b95515cf32) Importer(815301076,1909f56bfc062723c751e8b465ee728b)  -> (artifact id: '113c60cb8ea6d132198abbbdf676d7c1') in 0.001595 seconds 
  Import took 0.004570 seconds .

========================================================================
Received Prepare
Registering precompiled user dll's ...
Registered in 0.002987 seconds.
Begin MonoManager ReloadAssembly
Native extension for WindowsStandalone target not found
Refreshing native plugins compatible for Editor in 0.36 ms, found 2 plugins.
Preloading 0 native plugins for Editor in 0.00 ms.
Mono: successfully reloaded assembly
- Completed reload, in  1.035 seconds
Domain Reload Profiling:
	ReloadAssembly (1036ms)
		BeginReloadAssembly (111ms)
			ExecutionOrderSort (0ms)
			DisableScriptedObjects (5ms)
			BackupInstance (0ms)
			ReleaseScriptingObjects (0ms)
			CreateAndSetChildDomain (33ms)
		EndReloadAssembly (857ms)
			LoadAssemblies (90ms)
			RebuildTransferFunctionScriptingTraits (0ms)
			SetupTypeCache (312ms)
			ReleaseScriptCaches (1ms)
			RebuildScriptCaches (44ms)
			SetupLoadedEditorAssemblies (307ms)
				LogAssemblyErrors (0ms)
				InitializePlatformSupportModulesInManaged (5ms)
				SetLoadedEditorAssemblies (1ms)
				RefreshPlugins (0ms)
				BeforeProcessingInitializeOnLoad (56ms)
				ProcessInitializeOnLoadAttributes (228ms)
				ProcessInitializeOnLoadMethodAttributes (9ms)
				AfterProcessingInitializeOnLoad (7ms)
				EditorAssembliesLoaded (0ms)
			ExecutionOrderSort2 (0ms)
			AwakeInstancesAfterBackupRestoration (7ms)
Platform modules already initialized, skipping
Refreshing native plugins compatible for Editor in 0.37 ms, found 2 plugins.
Preloading 0 native plugins for Editor in 0.00 ms.
Unloading 1646 Unused Serialized files (Serialized files now loaded: 0)
System memory in use before: 76.7 MB.
System memory in use after: 76.8 MB.

Unloading 15 unused Assets to reduce memory usage. Loaded Objects now: 2125.
Total: 2.803700 ms (FindLiveObjects: 0.158900 ms CreateObjectMapping: 0.057000 ms MarkObjects: 2.543900 ms  DeleteObjects: 0.042600 ms)

AssetImportParameters requested are different than current active one (requested -> active):
  custom:framework-win-MediaFoundation: 216162199b28c13a410421893ffa2e32 -> 
  custom:video-decoder-ogg-theora: a1e56fd34408186e4bbccfd4996cb3dc -> 
  custom:container-muxer-webm: aa71ff27fc2769a1b78a27578f13a17b -> 
  custom:container-demuxer-webm: 4f35f7cbe854078d1ac9338744f61a02 -> 
  custom:container-demuxer-ogg: 62fdf1f143b41e24485cea50d1cbac27 -> 
  custom:video-encoder-webm-vp8: eb34c28f22e8b96e1ab97ce403110664 -> 
  custom:video-decoder-webm-vp8: 9c59270c3fd7afecdb556c50c9e8de78 -> 
  custom:audio-decoder-ogg-vorbis: bf7c407c2cedff20999df2af8eb42d56 -> 
  custom:audio-encoder-webm-vorbis: bf7c407c2cedff20999df2af8eb42d56 -> 
========================================================================
Received Import Request.
  Time since last request: 1520.482855 seconds.
  path: Assets/Prefabs/obstaculo.prefab
  artifactKey: Guid(5733a2e1a7a9baa4d866ee431b0025bf) Importer(815301076,1909f56bfc062723c751e8b465ee728b)
Start importing Assets/Prefabs/obstaculo.prefab using Guid(5733a2e1a7a9baa4d866ee431b0025bf) Importer(815301076,1909f56bfc062723c751e8b465ee728b)  -> (artifact id: '157ef9164bfcab61d7ce8111e201c174') in 0.053180 seconds 
  Import took 0.056224 seconds .

========================================================================
Received Prepare
Registering precompiled user dll's ...
Registered in 0.003168 seconds.
Begin MonoManager ReloadAssembly
Native extension for WindowsStandalone target not found
Refreshing native plugins compatible for Editor in 0.35 ms, found 2 plugins.
Preloading 0 native plugins for Editor in 0.00 ms.
Mono: successfully reloaded assembly
- Completed reload, in  1.018 seconds
Domain Reload Profiling:
	ReloadAssembly (1018ms)
		BeginReloadAssembly (109ms)
			ExecutionOrderSort (0ms)
			DisableScriptedObjects (5ms)
			BackupInstance (0ms)
			ReleaseScriptingObjects (0ms)
			CreateAndSetChildDomain (31ms)
		EndReloadAssembly (842ms)
			LoadAssemblies (89ms)
			RebuildTransferFunctionScriptingTraits (0ms)
			SetupTypeCache (293ms)
			ReleaseScriptCaches (1ms)
			RebuildScriptCaches (46ms)
			SetupLoadedEditorAssemblies (304ms)
				LogAssemblyErrors (0ms)
				InitializePlatformSupportModulesInManaged (5ms)
				SetLoadedEditorAssemblies (1ms)
				RefreshPlugins (0ms)
				BeforeProcessingInitializeOnLoad (56ms)
				ProcessInitializeOnLoadAttributes (225ms)
				ProcessInitializeOnLoadMethodAttributes (10ms)
				AfterProcessingInitializeOnLoad (7ms)
				EditorAssembliesLoaded (0ms)
			ExecutionOrderSort2 (0ms)
			AwakeInstancesAfterBackupRestoration (7ms)
Platform modules already initialized, skipping
Refreshing native plugins compatible for Editor in 0.36 ms, found 2 plugins.
Preloading 0 native plugins for Editor in 0.00 ms.
Unloading 1646 Unused Serialized files (Serialized files now loaded: 0)
System memory in use before: 76.7 MB.
System memory in use after: 76.8 MB.

Unloading 15 unused Assets to reduce memory usage. Loaded Objects now: 2128.
Total: 3.096700 ms (FindLiveObjects: 0.163800 ms CreateObjectMapping: 0.053900 ms MarkObjects: 2.826400 ms  DeleteObjects: 0.051900 ms)

AssetImportParameters requested are different than current active one (requested -> active):
  custom:framework-win-MediaFoundation: 216162199b28c13a410421893ffa2e32 -> 
  custom:video-decoder-ogg-theora: a1e56fd34408186e4bbccfd4996cb3dc -> 
  custom:container-muxer-webm: aa71ff27fc2769a1b78a27578f13a17b -> 
  custom:container-demuxer-webm: 4f35f7cbe854078d1ac9338744f61a02 -> 
  custom:container-demuxer-ogg: 62fdf1f143b41e24485cea50d1cbac27 -> 
  custom:video-encoder-webm-vp8: eb34c28f22e8b96e1ab97ce403110664 -> 
  custom:video-decoder-webm-vp8: 9c59270c3fd7afecdb556c50c9e8de78 -> 
  custom:audio-decoder-ogg-vorbis: bf7c407c2cedff20999df2af8eb42d56 -> 
  custom:audio-encoder-webm-vorbis: bf7c407c2cedff20999df2af8eb42d56 -> 
========================================================================
Received Import Request.
  Time since last request: 576.718615 seconds.
  path: Assets/Scripts/Collisions.cs
  artifactKey: Guid(069b973914a792f4184a787cd51a6156) Importer(815301076,1909f56bfc062723c751e8b465ee728b)
Start importing Assets/Scripts/Collisions.cs using Guid(069b973914a792f4184a787cd51a6156) Importer(815301076,1909f56bfc062723c751e8b465ee728b)  -> (artifact id: '454823c266decbbb50663cfd1d52b30c') in 0.010968 seconds 
  Import took 0.014648 seconds .

========================================================================
Received Import Request.
  Time since last request: 15.289872 seconds.
  path: Assets/Scripts/Collisions.cs
  artifactKey: Guid(069b973914a792f4184a787cd51a6156) Importer(815301076,1909f56bfc062723c751e8b465ee728b)
Start importing Assets/Scripts/Collisions.cs using Guid(069b973914a792f4184a787cd51a6156) Importer(815301076,1909f56bfc062723c751e8b465ee728b)  -> (artifact id: '15c1a45bce17cf36cd306f9c574fb084') in 0.004197 seconds 
  Import took 0.007826 seconds .

========================================================================
Received Import Request.
  Time since last request: 244.677889 seconds.
  path: Assets/Scripts/Collisions.cs
  artifactKey: Guid(069b973914a792f4184a787cd51a6156) Importer(815301076,1909f56bfc062723c751e8b465ee728b)
Start importing Assets/Scripts/Collisions.cs using Guid(069b973914a792f4184a787cd51a6156) Importer(815301076,1909f56bfc062723c751e8b465ee728b)  -> (artifact id: '4a50c50f5f122b05774e006c9259eabc') in 0.003016 seconds 
  Import took 0.008706 seconds .

========================================================================
Received Import Request.
  Time since last request: 9.452746 seconds.
  path: Assets/Scripts/Collisions.cs
  artifactKey: Guid(069b973914a792f4184a787cd51a6156) Importer(815301076,1909f56bfc062723c751e8b465ee728b)
Start importing Assets/Scripts/Collisions.cs using Guid(069b973914a792f4184a787cd51a6156) Importer(815301076,1909f56bfc062723c751e8b465ee728b)  -> (artifact id: 'c87105f6c16a58aa515c8c799dafc9ba') in 0.001791 seconds 
  Import took 0.004770 seconds .

========================================================================
Received Prepare
Registering precompiled user dll's ...
Registered in 0.002937 seconds.
Begin MonoManager ReloadAssembly
Native extension for WindowsStandalone target not found
Refreshing native plugins compatible for Editor in 0.35 ms, found 2 plugins.
Preloading 0 native plugins for Editor in 0.00 ms.
Mono: successfully reloaded assembly
- Completed reload, in  1.037 seconds
Domain Reload Profiling:
	ReloadAssembly (1037ms)
		BeginReloadAssembly (114ms)
			ExecutionOrderSort (0ms)
			DisableScriptedObjects (5ms)
			BackupInstance (0ms)
			ReleaseScriptingObjects (0ms)
			CreateAndSetChildDomain (31ms)
		EndReloadAssembly (857ms)
			LoadAssemblies (89ms)
			RebuildTransferFunctionScriptingTraits (0ms)
			SetupTypeCache (312ms)
			ReleaseScriptCaches (1ms)
			RebuildScriptCaches (46ms)
			SetupLoadedEditorAssemblies (304ms)
				LogAssemblyErrors (0ms)
				InitializePlatformSupportModulesInManaged (5ms)
				SetLoadedEditorAssemblies (1ms)
				RefreshPlugins (0ms)
				BeforeProcessingInitializeOnLoad (56ms)
				ProcessInitializeOnLoadAttributes (226ms)
				ProcessInitializeOnLoadMethodAttributes (10ms)
				AfterProcessingInitializeOnLoad (7ms)
				EditorAssembliesLoaded (0ms)
			ExecutionOrderSort2 (0ms)
			AwakeInstancesAfterBackupRestoration (7ms)
Platform modules already initialized, skipping
Refreshing native plugins compatible for Editor in 0.36 ms, found 2 plugins.
Preloading 0 native plugins for Editor in 0.00 ms.
Unloading 1647 Unused Serialized files (Serialized files now loaded: 0)
System memory in use before: 76.7 MB.
System memory in use after: 76.8 MB.

Unloading 15 unused Assets to reduce memory usage. Loaded Objects now: 2131.
Total: 3.277200 ms (FindLiveObjects: 0.226900 ms CreateObjectMapping: 0.071500 ms MarkObjects: 2.935200 ms  DeleteObjects: 0.042200 ms)

AssetImportParameters requested are different than current active one (requested -> active):
  custom:framework-win-MediaFoundation: 216162199b28c13a410421893ffa2e32 -> 
  custom:video-decoder-ogg-theora: a1e56fd34408186e4bbccfd4996cb3dc -> 
  custom:container-muxer-webm: aa71ff27fc2769a1b78a27578f13a17b -> 
  custom:container-demuxer-webm: 4f35f7cbe854078d1ac9338744f61a02 -> 
  custom:container-demuxer-ogg: 62fdf1f143b41e24485cea50d1cbac27 -> 
  custom:video-encoder-webm-vp8: eb34c28f22e8b96e1ab97ce403110664 -> 
  custom:video-decoder-webm-vp8: 9c59270c3fd7afecdb556c50c9e8de78 -> 
  custom:audio-decoder-ogg-vorbis: bf7c407c2cedff20999df2af8eb42d56 -> 
  custom:audio-encoder-webm-vorbis: bf7c407c2cedff20999df2af8eb42d56 -> 
========================================================================
Received Import Request.
  Time since last request: 30.411463 seconds.
  path: Assets/Prefabs/proyectil.prefab
  artifactKey: Guid(090e53909b9ccd94a8611ace6003703e) Importer(815301076,1909f56bfc062723c751e8b465ee728b)
Start importing Assets/Prefabs/proyectil.prefab using Guid(090e53909b9ccd94a8611ace6003703e) Importer(815301076,1909f56bfc062723c751e8b465ee728b)  -> (artifact id: '5b7b24301e752e743e672ba23b2fdcb1') in 0.061375 seconds 
  Import took 0.064819 seconds .

========================================================================
Received Prepare
Registering precompiled user dll's ...
Registered in 0.003871 seconds.
Begin MonoManager ReloadAssembly
Native extension for WindowsStandalone target not found
Refreshing native plugins compatible for Editor in 0.39 ms, found 2 plugins.
Preloading 0 native plugins for Editor in 0.00 ms.
Mono: successfully reloaded assembly
- Completed reload, in  0.990 seconds
Domain Reload Profiling:
	ReloadAssembly (991ms)
		BeginReloadAssembly (103ms)
			ExecutionOrderSort (0ms)
			DisableScriptedObjects (5ms)
			BackupInstance (0ms)
			ReleaseScriptingObjects (0ms)
			CreateAndSetChildDomain (30ms)
		EndReloadAssembly (821ms)
			LoadAssemblies (86ms)
			RebuildTransferFunctionScriptingTraits (0ms)
			SetupTypeCache (294ms)
			ReleaseScriptCaches (1ms)
			RebuildScriptCaches (42ms)
			SetupLoadedEditorAssemblies (299ms)
				LogAssemblyErrors (0ms)
				InitializePlatformSupportModulesInManaged (5ms)
				SetLoadedEditorAssemblies (1ms)
				RefreshPlugins (0ms)
				BeforeProcessingInitializeOnLoad (53ms)
				ProcessInitializeOnLoadAttributes (224ms)
				ProcessInitializeOnLoadMethodAttributes (10ms)
				AfterProcessingInitializeOnLoad (6ms)
				EditorAssembliesLoaded (0ms)
			ExecutionOrderSort2 (0ms)
			AwakeInstancesAfterBackupRestoration (7ms)
Platform modules already initialized, skipping
Refreshing native plugins compatible for Editor in 0.57 ms, found 2 plugins.
Preloading 0 native plugins for Editor in 0.00 ms.
Unloading 1647 Unused Serialized files (Serialized files now loaded: 0)
System memory in use before: 76.7 MB.
System memory in use after: 76.9 MB.

Unloading 15 unused Assets to reduce memory usage. Loaded Objects now: 2134.
Total: 2.902100 ms (FindLiveObjects: 0.147100 ms CreateObjectMapping: 0.082000 ms MarkObjects: 2.624500 ms  DeleteObjects: 0.047000 ms)

AssetImportParameters requested are different than current active one (requested -> active):
  custom:framework-win-MediaFoundation: 216162199b28c13a410421893ffa2e32 -> 
  custom:video-decoder-ogg-theora: a1e56fd34408186e4bbccfd4996cb3dc -> 
  custom:container-muxer-webm: aa71ff27fc2769a1b78a27578f13a17b -> 
  custom:container-demuxer-webm: 4f35f7cbe854078d1ac9338744f61a02 -> 
  custom:container-demuxer-ogg: 62fdf1f143b41e24485cea50d1cbac27 -> 
  custom:video-encoder-webm-vp8: eb34c28f22e8b96e1ab97ce403110664 -> 
  custom:video-decoder-webm-vp8: 9c59270c3fd7afecdb556c50c9e8de78 -> 
  custom:audio-decoder-ogg-vorbis: bf7c407c2cedff20999df2af8eb42d56 -> 
  custom:audio-encoder-webm-vorbis: bf7c407c2cedff20999df2af8eb42d56 -> 
========================================================================
Received Import Request.
  Time since last request: 1601.853963 seconds.
  path: Assets/Prefabs/proyectil.prefab
  artifactKey: Guid(090e53909b9ccd94a8611ace6003703e) Importer(815301076,1909f56bfc062723c751e8b465ee728b)
Start importing Assets/Prefabs/proyectil.prefab using Guid(090e53909b9ccd94a8611ace6003703e) Importer(815301076,1909f56bfc062723c751e8b465ee728b)  -> (artifact id: '1e8dd36b10c41c8217ed5be6e7743021') in 0.053107 seconds 
  Import took 0.055931 seconds .

========================================================================
Received Prepare
Registering precompiled user dll's ...
Registered in 0.004349 seconds.
Begin MonoManager ReloadAssembly
Native extension for WindowsStandalone target not found
Refreshing native plugins compatible for Editor in 0.41 ms, found 2 plugins.
Preloading 0 native plugins for Editor in 0.00 ms.
Mono: successfully reloaded assembly
- Completed reload, in  1.349 seconds
Domain Reload Profiling:
	ReloadAssembly (1349ms)
		BeginReloadAssembly (158ms)
			ExecutionOrderSort (0ms)
			DisableScriptedObjects (6ms)
			BackupInstance (0ms)
			ReleaseScriptingObjects (0ms)
			CreateAndSetChildDomain (40ms)
		EndReloadAssembly (1103ms)
			LoadAssemblies (125ms)
			RebuildTransferFunctionScriptingTraits (0ms)
			SetupTypeCache (400ms)
			ReleaseScriptCaches (1ms)
			RebuildScriptCaches (57ms)
			SetupLoadedEditorAssemblies (397ms)
				LogAssemblyErrors (0ms)
				InitializePlatformSupportModulesInManaged (6ms)
				SetLoadedEditorAssemblies (1ms)
				RefreshPlugins (0ms)
				BeforeProcessingInitializeOnLoad (73ms)
				ProcessInitializeOnLoadAttributes (296ms)
				ProcessInitializeOnLoadMethodAttributes (11ms)
				AfterProcessingInitializeOnLoad (9ms)
				EditorAssembliesLoaded (0ms)
			ExecutionOrderSort2 (0ms)
			AwakeInstancesAfterBackupRestoration (10ms)
Platform modules already initialized, skipping
Refreshing native plugins compatible for Editor in 0.42 ms, found 2 plugins.
Preloading 0 native plugins for Editor in 0.00 ms.
Unloading 1647 Unused Serialized files (Serialized files now loaded: 0)
System memory in use before: 76.8 MB.
System memory in use after: 76.9 MB.

Unloading 15 unused Assets to reduce memory usage. Loaded Objects now: 2137.
Total: 3.433200 ms (FindLiveObjects: 0.247300 ms CreateObjectMapping: 0.193000 ms MarkObjects: 2.972400 ms  DeleteObjects: 0.019200 ms)

AssetImportParameters requested are different than current active one (requested -> active):
  custom:framework-win-MediaFoundation: 216162199b28c13a410421893ffa2e32 -> 
  custom:video-decoder-ogg-theora: a1e56fd34408186e4bbccfd4996cb3dc -> 
  custom:container-muxer-webm: aa71ff27fc2769a1b78a27578f13a17b -> 
  custom:container-demuxer-webm: 4f35f7cbe854078d1ac9338744f61a02 -> 
  custom:container-demuxer-ogg: 62fdf1f143b41e24485cea50d1cbac27 -> 
  custom:video-encoder-webm-vp8: eb34c28f22e8b96e1ab97ce403110664 -> 
  custom:video-decoder-webm-vp8: 9c59270c3fd7afecdb556c50c9e8de78 -> 
  custom:audio-decoder-ogg-vorbis: bf7c407c2cedff20999df2af8eb42d56 -> 
  custom:audio-encoder-webm-vorbis: bf7c407c2cedff20999df2af8eb42d56 -> 
========================================================================
Received Import Request.
  Time since last request: 44.010720 seconds.
  path: Assets/Prefabs/proyectil.prefab
  artifactKey: Guid(090e53909b9ccd94a8611ace6003703e) Importer(815301076,1909f56bfc062723c751e8b465ee728b)
Start importing Assets/Prefabs/proyectil.prefab using Guid(090e53909b9ccd94a8611ace6003703e) Importer(815301076,1909f56bfc062723c751e8b465ee728b)  -> (artifact id: 'a4be224fd3b87916d1527a89d5166f0b') in 0.066582 seconds 
  Import took 0.069692 seconds .

========================================================================
Received Import Request.
  Time since last request: 0.011527 seconds.
  path: Assets/Prefabs/proyectil.prefab
  artifactKey: Guid(090e53909b9ccd94a8611ace6003703e) Importer(815301076,1909f56bfc062723c751e8b465ee728b)
Start importing Assets/Prefabs/proyectil.prefab using Guid(090e53909b9ccd94a8611ace6003703e) Importer(815301076,1909f56bfc062723c751e8b465ee728b)  -> (artifact id: '7d28637f70baaa351e56a5a918e793db') in 0.007203 seconds 
  Import took 0.010189 seconds .

========================================================================
Received Import Request.
  Time since last request: 0.200059 seconds.
  path: Assets/Prefabs/proyectil.prefab
  artifactKey: Guid(090e53909b9ccd94a8611ace6003703e) Importer(815301076,1909f56bfc062723c751e8b465ee728b)
Start importing Assets/Prefabs/proyectil.prefab using Guid(090e53909b9ccd94a8611ace6003703e) Importer(815301076,1909f56bfc062723c751e8b465ee728b)  -> (artifact id: '89a5a1a1562510cceae57f3471d5a7de') in 0.007768 seconds 
  Import took 0.011692 seconds .

========================================================================
Received Import Request.
  Time since last request: 0.792131 seconds.
  path: Assets/Prefabs/proyectil.prefab
  artifactKey: Guid(090e53909b9ccd94a8611ace6003703e) Importer(815301076,1909f56bfc062723c751e8b465ee728b)
Start importing Assets/Prefabs/proyectil.prefab using Guid(090e53909b9ccd94a8611ace6003703e) Importer(815301076,1909f56bfc062723c751e8b465ee728b)  -> (artifact id: '90683048b4005eec13e34ff118c59fdd') in 0.008161 seconds 
  Import took 0.011342 seconds .

========================================================================
Received Import Request.
  Time since last request: 0.190517 seconds.
  path: Assets/Prefabs/proyectil.prefab
  artifactKey: Guid(090e53909b9ccd94a8611ace6003703e) Importer(815301076,1909f56bfc062723c751e8b465ee728b)
Start importing Assets/Prefabs/proyectil.prefab using Guid(090e53909b9ccd94a8611ace6003703e) Importer(815301076,1909f56bfc062723c751e8b465ee728b)  -> (artifact id: 'f7c15d1ce2710dae6d39aefcfe7dee5d') in 0.007832 seconds 
  Import took 0.011568 seconds .

========================================================================
Received Import Request.
  Time since last request: 0.198322 seconds.
  path: Assets/Prefabs/proyectil.prefab
  artifactKey: Guid(090e53909b9ccd94a8611ace6003703e) Importer(815301076,1909f56bfc062723c751e8b465ee728b)
Start importing Assets/Prefabs/proyectil.prefab using Guid(090e53909b9ccd94a8611ace6003703e) Importer(815301076,1909f56bfc062723c751e8b465ee728b)  -> (artifact id: '3a392ac2af85832697fa87b2ff1d8b15') in 0.009733 seconds 
  Import took 0.014005 seconds .

========================================================================
Received Import Request.
  Time since last request: 0.187330 seconds.
  path: Assets/Prefabs/proyectil.prefab
  artifactKey: Guid(090e53909b9ccd94a8611ace6003703e) Importer(815301076,1909f56bfc062723c751e8b465ee728b)
Start importing Assets/Prefabs/proyectil.prefab using Guid(090e53909b9ccd94a8611ace6003703e) Importer(815301076,1909f56bfc062723c751e8b465ee728b)  -> (artifact id: '75631407a12c164caf3126d122127b5e') in 0.007641 seconds 
  Import took 0.010971 seconds .

========================================================================
Received Import Request.
  Time since last request: 0.190900 seconds.
  path: Assets/Prefabs/proyectil.prefab
  artifactKey: Guid(090e53909b9ccd94a8611ace6003703e) Importer(815301076,1909f56bfc062723c751e8b465ee728b)
Start importing Assets/Prefabs/proyectil.prefab using Guid(090e53909b9ccd94a8611ace6003703e) Importer(815301076,1909f56bfc062723c751e8b465ee728b)  -> (artifact id: '455b658ece2321ad4cf668c128562266') in 0.007658 seconds 
  Import took 0.010746 seconds .

========================================================================
Received Import Request.
  Time since last request: 0.202008 seconds.
  path: Assets/Prefabs/proyectil.prefab
  artifactKey: Guid(090e53909b9ccd94a8611ace6003703e) Importer(815301076,1909f56bfc062723c751e8b465ee728b)
Start importing Assets/Prefabs/proyectil.prefab using Guid(090e53909b9ccd94a8611ace6003703e) Importer(815301076,1909f56bfc062723c751e8b465ee728b)  -> (artifact id: '35fad06944f72e49ab49dbe78eff79a5') in 0.008027 seconds 
  Import took 0.011435 seconds .

========================================================================
Received Import Request.
  Time since last request: 0.190253 seconds.
  path: Assets/Prefabs/proyectil.prefab
  artifactKey: Guid(090e53909b9ccd94a8611ace6003703e) Importer(815301076,1909f56bfc062723c751e8b465ee728b)
Start importing Assets/Prefabs/proyectil.prefab using Guid(090e53909b9ccd94a8611ace6003703e) Importer(815301076,1909f56bfc062723c751e8b465ee728b)  -> (artifact id: '5914c7959c5bbf46c8bf5d4484eff19f') in 0.008182 seconds 
  Import took 0.011202 seconds .

========================================================================
Received Import Request.
  Time since last request: 1.195572 seconds.
  path: Assets/Prefabs/proyectil.prefab
  artifactKey: Guid(090e53909b9ccd94a8611ace6003703e) Importer(815301076,1909f56bfc062723c751e8b465ee728b)
Start importing Assets/Prefabs/proyectil.prefab using Guid(090e53909b9ccd94a8611ace6003703e) Importer(815301076,1909f56bfc062723c751e8b465ee728b)  -> (artifact id: 'd8a716a26e5a17b76113229d7b762397') in 0.009074 seconds 
  Import took 0.012590 seconds .

========================================================================
Received Import Request.
  Time since last request: 0.585823 seconds.
  path: Assets/Prefabs/proyectil.prefab
  artifactKey: Guid(090e53909b9ccd94a8611ace6003703e) Importer(815301076,1909f56bfc062723c751e8b465ee728b)
Start importing Assets/Prefabs/proyectil.prefab using Guid(090e53909b9ccd94a8611ace6003703e) Importer(815301076,1909f56bfc062723c751e8b465ee728b)  -> (artifact id: '721aef577cdafb80ae8f94a6729a43a1') in 0.008835 seconds 
  Import took 0.012563 seconds .

========================================================================
Received Import Request.
  Time since last request: 0.192425 seconds.
  path: Assets/Prefabs/proyectil.prefab
  artifactKey: Guid(090e53909b9ccd94a8611ace6003703e) Importer(815301076,1909f56bfc062723c751e8b465ee728b)
Start importing Assets/Prefabs/proyectil.prefab using Guid(090e53909b9ccd94a8611ace6003703e) Importer(815301076,1909f56bfc062723c751e8b465ee728b)  -> (artifact id: 'b08d285631558dbd3beb3e2805b5a211') in 0.007993 seconds 
  Import took 0.011113 seconds .

========================================================================
Received Import Request.
  Time since last request: 0.185351 seconds.
  path: Assets/Prefabs/proyectil.prefab
  artifactKey: Guid(090e53909b9ccd94a8611ace6003703e) Importer(815301076,1909f56bfc062723c751e8b465ee728b)
Start importing Assets/Prefabs/proyectil.prefab using Guid(090e53909b9ccd94a8611ace6003703e) Importer(815301076,1909f56bfc062723c751e8b465ee728b)  -> (artifact id: '8e25bc985b3f1fdc2f5fec92bdd2232d') in 0.008237 seconds 
  Import took 0.011368 seconds .

========================================================================
Received Import Request.
  Time since last request: 0.189335 seconds.
  path: Assets/Prefabs/proyectil.prefab
  artifactKey: Guid(090e53909b9ccd94a8611ace6003703e) Importer(815301076,1909f56bfc062723c751e8b465ee728b)
Start importing Assets/Prefabs/proyectil.prefab using Guid(090e53909b9ccd94a8611ace6003703e) Importer(815301076,1909f56bfc062723c751e8b465ee728b)  -> (artifact id: 'e03ae3879f6e22571d889fa8e082f0f4') in 0.007988 seconds 
  Import took 0.011021 seconds .

========================================================================
Received Import Request.
  Time since last request: 19.898029 seconds.
  path: Assets/Prefabs/proyectil.prefab
  artifactKey: Guid(090e53909b9ccd94a8611ace6003703e) Importer(815301076,1909f56bfc062723c751e8b465ee728b)
Start importing Assets/Prefabs/proyectil.prefab using Guid(090e53909b9ccd94a8611ace6003703e) Importer(815301076,1909f56bfc062723c751e8b465ee728b)  -> (artifact id: 'f3f2dbfb0d1f948dca7256f0140164c7') in 0.008238 seconds 
  Import took 0.011727 seconds .

========================================================================
Received Import Request.
  Time since last request: 0.989980 seconds.
  path: Assets/Prefabs/proyectil.prefab
  artifactKey: Guid(090e53909b9ccd94a8611ace6003703e) Importer(815301076,1909f56bfc062723c751e8b465ee728b)
Start importing Assets/Prefabs/proyectil.prefab using Guid(090e53909b9ccd94a8611ace6003703e) Importer(815301076,1909f56bfc062723c751e8b465ee728b)  -> (artifact id: '386ed5b07fe83686377ed93cbb07e3e8') in 0.008004 seconds 
  Import took 0.011196 seconds .

========================================================================
Received Import Request.
  Time since last request: 0.189066 seconds.
  path: Assets/Prefabs/proyectil.prefab
  artifactKey: Guid(090e53909b9ccd94a8611ace6003703e) Importer(815301076,1909f56bfc062723c751e8b465ee728b)
Start importing Assets/Prefabs/proyectil.prefab using Guid(090e53909b9ccd94a8611ace6003703e) Importer(815301076,1909f56bfc062723c751e8b465ee728b)  -> (artifact id: '16521dfb98fbfcadaf36c2081d6628fc') in 0.007867 seconds 
  Import took 0.011001 seconds .

========================================================================
Received Import Request.
  Time since last request: 0.201468 seconds.
  path: Assets/Prefabs/proyectil.prefab
  artifactKey: Guid(090e53909b9ccd94a8611ace6003703e) Importer(815301076,1909f56bfc062723c751e8b465ee728b)
Start importing Assets/Prefabs/proyectil.prefab using Guid(090e53909b9ccd94a8611ace6003703e) Importer(815301076,1909f56bfc062723c751e8b465ee728b)  -> (artifact id: 'e7d7ff4abb15dffd5cc9bebf0798affb') in 0.007950 seconds 
  Import took 0.011498 seconds .

========================================================================
Received Import Request.
  Time since last request: 0.193972 seconds.
  path: Assets/Prefabs/proyectil.prefab
  artifactKey: Guid(090e53909b9ccd94a8611ace6003703e) Importer(815301076,1909f56bfc062723c751e8b465ee728b)
Start importing Assets/Prefabs/proyectil.prefab using Guid(090e53909b9ccd94a8611ace6003703e) Importer(815301076,1909f56bfc062723c751e8b465ee728b)  -> (artifact id: 'faddc4fe15418cf2196f76cd4b429f53') in 0.016140 seconds 
  Import took 0.020131 seconds .

========================================================================
Received Import Request.
  Time since last request: 0.780034 seconds.
  path: Assets/Prefabs/proyectil.prefab
  artifactKey: Guid(090e53909b9ccd94a8611ace6003703e) Importer(815301076,1909f56bfc062723c751e8b465ee728b)
Start importing Assets/Prefabs/proyectil.prefab using Guid(090e53909b9ccd94a8611ace6003703e) Importer(815301076,1909f56bfc062723c751e8b465ee728b)  -> (artifact id: '9a7e0c7800e3c856e2860be55608c4ee') in 0.007912 seconds 
  Import took 0.011192 seconds .

========================================================================
Received Import Request.
  Time since last request: 0.200580 seconds.
  path: Assets/Prefabs/proyectil.prefab
  artifactKey: Guid(090e53909b9ccd94a8611ace6003703e) Importer(815301076,1909f56bfc062723c751e8b465ee728b)
Start importing Assets/Prefabs/proyectil.prefab using Guid(090e53909b9ccd94a8611ace6003703e) Importer(815301076,1909f56bfc062723c751e8b465ee728b)  -> (artifact id: '9920c9c1a5d3461e731b19d17bd8e9fe') in 0.007484 seconds 
  Import took 0.010615 seconds .

========================================================================
Received Import Request.
  Time since last request: 4.410111 seconds.
  path: Assets/Prefabs/proyectil.prefab
  artifactKey: Guid(090e53909b9ccd94a8611ace6003703e) Importer(815301076,1909f56bfc062723c751e8b465ee728b)
Start importing Assets/Prefabs/proyectil.prefab using Guid(090e53909b9ccd94a8611ace6003703e) Importer(815301076,1909f56bfc062723c751e8b465ee728b)  -> (artifact id: 'b2f2490d2f17038a1c396d8663a64d1c') in 0.007382 seconds 
  Import took 0.010962 seconds .

========================================================================
Received Import Request.
  Time since last request: 0.591459 seconds.
  path: Assets/Prefabs/proyectil.prefab
  artifactKey: Guid(090e53909b9ccd94a8611ace6003703e) Importer(815301076,1909f56bfc062723c751e8b465ee728b)
Start importing Assets/Prefabs/proyectil.prefab using Guid(090e53909b9ccd94a8611ace6003703e) Importer(815301076,1909f56bfc062723c751e8b465ee728b)  -> (artifact id: 'dd029edd8ba652a5cbc7b4f9a9ba06a9') in 0.008266 seconds 
  Import took 0.011367 seconds .

========================================================================
Received Import Request.
  Time since last request: 0.188523 seconds.
  path: Assets/Prefabs/proyectil.prefab
  artifactKey: Guid(090e53909b9ccd94a8611ace6003703e) Importer(815301076,1909f56bfc062723c751e8b465ee728b)
Start importing Assets/Prefabs/proyectil.prefab using Guid(090e53909b9ccd94a8611ace6003703e) Importer(815301076,1909f56bfc062723c751e8b465ee728b)  -> (artifact id: 'f65e993c93ec1b05e01d62464ab12bcc') in 0.007401 seconds 
  Import took 0.010581 seconds .

========================================================================
Received Import Request.
  Time since last request: 1.199069 seconds.
  path: Assets/Prefabs/proyectil.prefab
  artifactKey: Guid(090e53909b9ccd94a8611ace6003703e) Importer(815301076,1909f56bfc062723c751e8b465ee728b)
Start importing Assets/Prefabs/proyectil.prefab using Guid(090e53909b9ccd94a8611ace6003703e) Importer(815301076,1909f56bfc062723c751e8b465ee728b)  -> (artifact id: 'd465ab504009f3c764e55eaed18cc992') in 0.007705 seconds 
  Import took 0.010903 seconds .

========================================================================
Received Import Request.
  Time since last request: 0.187044 seconds.
  path: Assets/Prefabs/proyectil.prefab
  artifactKey: Guid(090e53909b9ccd94a8611ace6003703e) Importer(815301076,1909f56bfc062723c751e8b465ee728b)
Start importing Assets/Prefabs/proyectil.prefab using Guid(090e53909b9ccd94a8611ace6003703e) Importer(815301076,1909f56bfc062723c751e8b465ee728b)  -> (artifact id: '51223021940ea57f849260f61b79c4ce') in 0.007923 seconds 
  Import took 0.011251 seconds .

========================================================================
Received Import Request.
  Time since last request: 0.188479 seconds.
  path: Assets/Prefabs/proyectil.prefab
  artifactKey: Guid(090e53909b9ccd94a8611ace6003703e) Importer(815301076,1909f56bfc062723c751e8b465ee728b)
Start importing Assets/Prefabs/proyectil.prefab using Guid(090e53909b9ccd94a8611ace6003703e) Importer(815301076,1909f56bfc062723c751e8b465ee728b)  -> (artifact id: '0bf2db01fa54d5482ff6ca23275fb9db') in 0.008233 seconds 
  Import took 0.011499 seconds .

========================================================================
Received Import Request.
  Time since last request: 0.189320 seconds.
  path: Assets/Prefabs/proyectil.prefab
  artifactKey: Guid(090e53909b9ccd94a8611ace6003703e) Importer(815301076,1909f56bfc062723c751e8b465ee728b)
Start importing Assets/Prefabs/proyectil.prefab using Guid(090e53909b9ccd94a8611ace6003703e) Importer(815301076,1909f56bfc062723c751e8b465ee728b)  -> (artifact id: 'd8985c6c66a31b5e0bdf2fd7062f8f51') in 0.007291 seconds 
  Import took 0.010937 seconds .

========================================================================
Received Import Request.
  Time since last request: 0.190111 seconds.
  path: Assets/Prefabs/proyectil.prefab
  artifactKey: Guid(090e53909b9ccd94a8611ace6003703e) Importer(815301076,1909f56bfc062723c751e8b465ee728b)
Start importing Assets/Prefabs/proyectil.prefab using Guid(090e53909b9ccd94a8611ace6003703e) Importer(815301076,1909f56bfc062723c751e8b465ee728b)  -> (artifact id: '14162902886fea69e7c3e8312916575d') in 0.007777 seconds 
  Import took 0.011032 seconds .

========================================================================
Received Import Request.
  Time since last request: 0.190938 seconds.
  path: Assets/Prefabs/proyectil.prefab
  artifactKey: Guid(090e53909b9ccd94a8611ace6003703e) Importer(815301076,1909f56bfc062723c751e8b465ee728b)
Start importing Assets/Prefabs/proyectil.prefab using Guid(090e53909b9ccd94a8611ace6003703e) Importer(815301076,1909f56bfc062723c751e8b465ee728b)  -> (artifact id: 'dc79c90bf5b95b5793f4523313553109') in 0.009993 seconds 
  Import took 0.016770 seconds .

========================================================================
Received Import Request.
  Time since last request: 0.384155 seconds.
  path: Assets/Prefabs/proyectil.prefab
  artifactKey: Guid(090e53909b9ccd94a8611ace6003703e) Importer(815301076,1909f56bfc062723c751e8b465ee728b)
Start importing Assets/Prefabs/proyectil.prefab using Guid(090e53909b9ccd94a8611ace6003703e) Importer(815301076,1909f56bfc062723c751e8b465ee728b)  -> (artifact id: 'd736c9aea7a4489fffcf848d2e1f91e6') in 0.007718 seconds 
  Import took 0.011450 seconds .

========================================================================
Received Import Request.
  Time since last request: 3.615183 seconds.
  path: Assets/Prefabs/proyectil.prefab
  artifactKey: Guid(090e53909b9ccd94a8611ace6003703e) Importer(815301076,1909f56bfc062723c751e8b465ee728b)
Start importing Assets/Prefabs/proyectil.prefab using Guid(090e53909b9ccd94a8611ace6003703e) Importer(815301076,1909f56bfc062723c751e8b465ee728b)  -> (artifact id: '195aac302dd567e1dfd14cd309d90226') in 0.008029 seconds 
  Import took 0.011275 seconds .

========================================================================
Received Import Request.
  Time since last request: 4.205794 seconds.
  path: Assets/Prefabs/proyectil.prefab
  artifactKey: Guid(090e53909b9ccd94a8611ace6003703e) Importer(815301076,1909f56bfc062723c751e8b465ee728b)
Start importing Assets/Prefabs/proyectil.prefab using Guid(090e53909b9ccd94a8611ace6003703e) Importer(815301076,1909f56bfc062723c751e8b465ee728b)  -> (artifact id: '8451891bf84fb5ba374c0a20ccd1846c') in 0.007986 seconds 
  Import took 0.011040 seconds .

========================================================================
Received Import Request.
  Time since last request: 0.995709 seconds.
  path: Assets/Prefabs/proyectil.prefab
  artifactKey: Guid(090e53909b9ccd94a8611ace6003703e) Importer(815301076,1909f56bfc062723c751e8b465ee728b)
Start importing Assets/Prefabs/proyectil.prefab using Guid(090e53909b9ccd94a8611ace6003703e) Importer(815301076,1909f56bfc062723c751e8b465ee728b)  -> (artifact id: '110170c322a9655d8b3f2f10f73e3b15') in 0.007471 seconds 
  Import took 0.010938 seconds .

========================================================================
Received Import Request.
  Time since last request: 0.192487 seconds.
  path: Assets/Prefabs/proyectil.prefab
  artifactKey: Guid(090e53909b9ccd94a8611ace6003703e) Importer(815301076,1909f56bfc062723c751e8b465ee728b)
Start importing Assets/Prefabs/proyectil.prefab using Guid(090e53909b9ccd94a8611ace6003703e) Importer(815301076,1909f56bfc062723c751e8b465ee728b)  -> (artifact id: '503fd1ceee5d934b13fcbaaea76459ea') in 0.008827 seconds 
  Import took 0.013211 seconds .

========================================================================
Received Import Request.
  Time since last request: 0.591545 seconds.
  path: Assets/Prefabs/proyectil.prefab
  artifactKey: Guid(090e53909b9ccd94a8611ace6003703e) Importer(815301076,1909f56bfc062723c751e8b465ee728b)
Start importing Assets/Prefabs/proyectil.prefab using Guid(090e53909b9ccd94a8611ace6003703e) Importer(815301076,1909f56bfc062723c751e8b465ee728b)  -> (artifact id: '6492d41621a91ff35b00b5a0b0146af6') in 0.008892 seconds 
  Import took 0.012136 seconds .

========================================================================
Received Import Request.
  Time since last request: 2.202253 seconds.
  path: Assets/Prefabs/proyectil.prefab
  artifactKey: Guid(090e53909b9ccd94a8611ace6003703e) Importer(815301076,1909f56bfc062723c751e8b465ee728b)
Start importing Assets/Prefabs/proyectil.prefab using Guid(090e53909b9ccd94a8611ace6003703e) Importer(815301076,1909f56bfc062723c751e8b465ee728b)  -> (artifact id: 'e86605d6f6e95a146939a4793586d7fb') in 0.008036 seconds 
  Import took 0.011308 seconds .

========================================================================
Received Import Request.
  Time since last request: 3.613844 seconds.
  path: Assets/Prefabs/proyectil.prefab
  artifactKey: Guid(090e53909b9ccd94a8611ace6003703e) Importer(815301076,1909f56bfc062723c751e8b465ee728b)
Start importing Assets/Prefabs/proyectil.prefab using Guid(090e53909b9ccd94a8611ace6003703e) Importer(815301076,1909f56bfc062723c751e8b465ee728b)  -> (artifact id: '92e2c24f0aa557c1185c128417c1cc03') in 0.007953 seconds 
  Import took 0.012805 seconds .

========================================================================
Received Import Request.
  Time since last request: 0.588965 seconds.
  path: Assets/Prefabs/proyectil.prefab
  artifactKey: Guid(090e53909b9ccd94a8611ace6003703e) Importer(815301076,1909f56bfc062723c751e8b465ee728b)
Start importing Assets/Prefabs/proyectil.prefab using Guid(090e53909b9ccd94a8611ace6003703e) Importer(815301076,1909f56bfc062723c751e8b465ee728b)  -> (artifact id: '6094af341e8f59eebb5fab7aea7f9e73') in 0.007570 seconds 
  Import took 0.010929 seconds .

========================================================================
Received Import Request.
  Time since last request: 0.191039 seconds.
  path: Assets/Prefabs/proyectil.prefab
  artifactKey: Guid(090e53909b9ccd94a8611ace6003703e) Importer(815301076,1909f56bfc062723c751e8b465ee728b)
Start importing Assets/Prefabs/proyectil.prefab using Guid(090e53909b9ccd94a8611ace6003703e) Importer(815301076,1909f56bfc062723c751e8b465ee728b)  -> (artifact id: 'b21c82fd5faafe0bc08d623ff83e855f') in 0.008698 seconds 
  Import took 0.013010 seconds .

========================================================================
Received Import Request.
  Time since last request: 0.189047 seconds.
  path: Assets/Prefabs/proyectil.prefab
  artifactKey: Guid(090e53909b9ccd94a8611ace6003703e) Importer(815301076,1909f56bfc062723c751e8b465ee728b)
Start importing Assets/Prefabs/proyectil.prefab using Guid(090e53909b9ccd94a8611ace6003703e) Importer(815301076,1909f56bfc062723c751e8b465ee728b)  -> (artifact id: '6c1d8cf10790118f25e2aa217cfbf868') in 0.009839 seconds 
  Import took 0.014129 seconds .

========================================================================
Received Import Request.
  Time since last request: 0.388038 seconds.
  path: Assets/Prefabs/proyectil.prefab
  artifactKey: Guid(090e53909b9ccd94a8611ace6003703e) Importer(815301076,1909f56bfc062723c751e8b465ee728b)
Start importing Assets/Prefabs/proyectil.prefab using Guid(090e53909b9ccd94a8611ace6003703e) Importer(815301076,1909f56bfc062723c751e8b465ee728b)  -> (artifact id: '26c3682b2076cdaa87fe86a0623ea3f2') in 0.012361 seconds 
  Import took 0.016039 seconds .

========================================================================
Received Import Request.
  Time since last request: 0.392992 seconds.
  path: Assets/Prefabs/proyectil.prefab
  artifactKey: Guid(090e53909b9ccd94a8611ace6003703e) Importer(815301076,1909f56bfc062723c751e8b465ee728b)
Start importing Assets/Prefabs/proyectil.prefab using Guid(090e53909b9ccd94a8611ace6003703e) Importer(815301076,1909f56bfc062723c751e8b465ee728b)  -> (artifact id: '3973fde1b229dfdd93dde602d5034af5') in 0.008149 seconds 
  Import took 0.012635 seconds .

========================================================================
Received Import Request.
  Time since last request: 54.260485 seconds.
  path: Assets/Prefabs/proyectil.prefab
  artifactKey: Guid(090e53909b9ccd94a8611ace6003703e) Importer(815301076,1909f56bfc062723c751e8b465ee728b)
Start importing Assets/Prefabs/proyectil.prefab using Guid(090e53909b9ccd94a8611ace6003703e) Importer(815301076,1909f56bfc062723c751e8b465ee728b)  -> (artifact id: '777226259578afb70eae97bc318a3d9d') in 0.008640 seconds 
  Import took 0.012098 seconds .

========================================================================
Received Import Request.
  Time since last request: 13.057109 seconds.
  path: Assets/Prefabs/proyectil.prefab
  artifactKey: Guid(090e53909b9ccd94a8611ace6003703e) Importer(815301076,1909f56bfc062723c751e8b465ee728b)
Start importing Assets/Prefabs/proyectil.prefab using Guid(090e53909b9ccd94a8611ace6003703e) Importer(815301076,1909f56bfc062723c751e8b465ee728b)  -> (artifact id: '7d8ada230ba122d3dc12dba9643836b5') in 0.008152 seconds 
  Import took 0.011954 seconds .

========================================================================
Received Import Request.
  Time since last request: 7.647522 seconds.
  path: Assets/Prefabs/obstaculo.prefab
  artifactKey: Guid(5733a2e1a7a9baa4d866ee431b0025bf) Importer(815301076,1909f56bfc062723c751e8b465ee728b)
Start importing Assets/Prefabs/obstaculo.prefab using Guid(5733a2e1a7a9baa4d866ee431b0025bf) Importer(815301076,1909f56bfc062723c751e8b465ee728b)  -> (artifact id: '7c4ca3d11dc061c3be332572ca6a8750') in 0.008492 seconds 
  Import took 0.012151 seconds .

========================================================================
Received Prepare
Registering precompiled user dll's ...
Registered in 0.003953 seconds.
Begin MonoManager ReloadAssembly
Native extension for WindowsStandalone target not found
Refreshing native plugins compatible for Editor in 0.40 ms, found 2 plugins.
Preloading 0 native plugins for Editor in 0.00 ms.
Mono: successfully reloaded assembly
- Completed reload, in  1.037 seconds
Domain Reload Profiling:
	ReloadAssembly (1037ms)
		BeginReloadAssembly (116ms)
			ExecutionOrderSort (0ms)
			DisableScriptedObjects (4ms)
			BackupInstance (0ms)
			ReleaseScriptingObjects (0ms)
			CreateAndSetChildDomain (32ms)
		EndReloadAssembly (855ms)
			LoadAssemblies (89ms)
			RebuildTransferFunctionScriptingTraits (0ms)
			SetupTypeCache (315ms)
			ReleaseScriptCaches (1ms)
			RebuildScriptCaches (45ms)
			SetupLoadedEditorAssemblies (303ms)
				LogAssemblyErrors (0ms)
				InitializePlatformSupportModulesInManaged (5ms)
				SetLoadedEditorAssemblies (1ms)
				RefreshPlugins (0ms)
				BeforeProcessingInitializeOnLoad (56ms)
				ProcessInitializeOnLoadAttributes (224ms)
				ProcessInitializeOnLoadMethodAttributes (9ms)
				AfterProcessingInitializeOnLoad (7ms)
				EditorAssembliesLoaded (0ms)
			ExecutionOrderSort2 (0ms)
			AwakeInstancesAfterBackupRestoration (7ms)
Platform modules already initialized, skipping
Refreshing native plugins compatible for Editor in 0.40 ms, found 2 plugins.
Preloading 0 native plugins for Editor in 0.00 ms.
Unloading 1647 Unused Serialized files (Serialized files now loaded: 0)
System memory in use before: 76.8 MB.
System memory in use after: 76.9 MB.

Unloading 15 unused Assets to reduce memory usage. Loaded Objects now: 2140.
Total: 2.669200 ms (FindLiveObjects: 0.149600 ms CreateObjectMapping: 0.053400 ms MarkObjects: 2.449100 ms  DeleteObjects: 0.016200 ms)

AssetImportParameters requested are different than current active one (requested -> active):
  custom:framework-win-MediaFoundation: 216162199b28c13a410421893ffa2e32 -> 
  custom:video-decoder-ogg-theora: a1e56fd34408186e4bbccfd4996cb3dc -> 
  custom:container-muxer-webm: aa71ff27fc2769a1b78a27578f13a17b -> 
  custom:container-demuxer-webm: 4f35f7cbe854078d1ac9338744f61a02 -> 
  custom:container-demuxer-ogg: 62fdf1f143b41e24485cea50d1cbac27 -> 
  custom:video-encoder-webm-vp8: eb34c28f22e8b96e1ab97ce403110664 -> 
  custom:video-decoder-webm-vp8: 9c59270c3fd7afecdb556c50c9e8de78 -> 
  custom:audio-decoder-ogg-vorbis: bf7c407c2cedff20999df2af8eb42d56 -> 
  custom:audio-encoder-webm-vorbis: bf7c407c2cedff20999df2af8eb42d56 -> 
========================================================================
Received Import Request.
  Time since last request: 53.758092 seconds.
  path: Assets/Prefabs/proyectil.prefab
  artifactKey: Guid(090e53909b9ccd94a8611ace6003703e) Importer(815301076,1909f56bfc062723c751e8b465ee728b)
Start importing Assets/Prefabs/proyectil.prefab using Guid(090e53909b9ccd94a8611ace6003703e) Importer(815301076,1909f56bfc062723c751e8b465ee728b)  -> (artifact id: '919de52965ad630591df8be6d6613ced') in 0.052579 seconds 
  Import took 0.055345 seconds .

========================================================================
Received Import Request.
  Time since last request: 6.724458 seconds.
  path: Assets/Prefabs/proyectil.prefab
  artifactKey: Guid(090e53909b9ccd94a8611ace6003703e) Importer(815301076,1909f56bfc062723c751e8b465ee728b)
Start importing Assets/Prefabs/proyectil.prefab using Guid(090e53909b9ccd94a8611ace6003703e) Importer(815301076,1909f56bfc062723c751e8b465ee728b)  -> (artifact id: 'a0635db6d120f5c6be048448148d85f8') in 0.008134 seconds 
  Import took 0.012148 seconds .

AssetImportWorkerClient::OnTransportError - code=2 error=End of file
